{"/home/travis/build/npmtest/node-npmtest-gulp-newer/test.js":{"path":"/home/travis/build/npmtest/node-npmtest-gulp-newer/test.js","s":{"1":2,"2":2,"3":2,"4":2,"5":2,"6":2,"7":2,"8":1,"9":2,"10":2,"11":1,"12":1,"13":1,"14":1,"15":2,"16":2,"17":2,"18":2,"19":1,"20":1,"21":2,"22":2,"23":2,"24":1,"25":1,"26":1,"27":1,"28":1,"29":1,"30":1,"31":1,"32":1,"33":1,"34":1,"35":1,"36":1,"37":2,"38":2,"39":1,"40":2,"41":2,"42":1,"43":2,"44":2,"45":1,"46":2,"47":2,"48":1,"49":1,"50":1,"51":1,"52":1},"b":{"1":[2,1,1,1],"2":[1,1,1,1],"3":[1,1],"4":[1,1],"5":[1,1],"6":[1,1],"7":[1,1],"8":[1,1],"9":[1,1,1],"10":[1,1],"11":[1,1],"12":[1,1],"13":[1,1],"14":[1,1],"15":[1,1],"16":[1,1]},"f":{"1":2,"2":2,"3":2,"4":2,"5":2,"6":1,"7":1,"8":2,"9":2,"10":2,"11":2,"12":1},"fnMap":{"1":{"name":"(anonymous_1)","line":12,"loc":{"start":{"line":12,"column":1},"end":{"line":12,"column":13}}},"2":{"name":"(anonymous_2)","line":19,"loc":{"start":{"line":19,"column":5},"end":{"line":19,"column":17}}},"3":{"name":"(anonymous_3)","line":23,"loc":{"start":{"line":23,"column":24},"end":{"line":23,"column":36}}},"4":{"name":"(anonymous_4)","line":61,"loc":{"start":{"line":61,"column":5},"end":{"line":61,"column":17}}},"5":{"name":"(anonymous_5)","line":82,"loc":{"start":{"line":82,"column":5},"end":{"line":82,"column":17}}},"6":{"name":"(anonymous_6)","line":102,"loc":{"start":{"line":102,"column":83},"end":{"line":105,"column":10}},"skip":true},"7":{"name":"(anonymous_7)","line":113,"loc":{"start":{"line":113,"column":77},"end":{"line":116,"column":10}},"skip":true},"8":{"name":"(anonymous_8)","line":129,"loc":{"start":{"line":129,"column":12},"end":{"line":129,"column":40}},"skip":true},"9":{"name":"(anonymous_9)","line":137,"loc":{"start":{"line":137,"column":77},"end":{"line":140,"column":10}},"skip":true},"10":{"name":"(anonymous_10)","line":148,"loc":{"start":{"line":148,"column":83},"end":{"line":151,"column":10}},"skip":true},"11":{"name":"(anonymous_11)","line":159,"loc":{"start":{"line":159,"column":79},"end":{"line":162,"column":10}},"skip":true},"12":{"name":"(anonymous_12)","line":170,"loc":{"start":{"line":170,"column":75},"end":{"line":173,"column":10}},"skip":true}},"statementMap":{"1":{"start":{"line":12,"column":0},"end":{"line":185,"column":5}},"2":{"start":{"line":14,"column":4},"end":{"line":14,"column":14}},"3":{"start":{"line":19,"column":4},"end":{"line":56,"column":9}},"4":{"start":{"line":21,"column":8},"end":{"line":21,"column":19}},"5":{"start":{"line":23,"column":8},"end":{"line":35,"column":13}},"6":{"start":{"line":24,"column":12},"end":{"line":34,"column":13}},"7":{"start":{"line":25,"column":16},"end":{"line":28,"column":30}},"8":{"start":{"line":30,"column":16},"end":{"line":33,"column":27}},"9":{"start":{"line":37,"column":8},"end":{"line":39,"column":21}},"10":{"start":{"line":40,"column":8},"end":{"line":53,"column":9}},"11":{"start":{"line":43,"column":12},"end":{"line":46,"column":14}},"12":{"start":{"line":47,"column":12},"end":{"line":47,"column":18}},"13":{"start":{"line":50,"column":12},"end":{"line":51,"column":46}},"14":{"start":{"line":52,"column":12},"end":{"line":52,"column":18}},"15":{"start":{"line":55,"column":8},"end":{"line":55,"column":35}},"16":{"start":{"line":61,"column":4},"end":{"line":63,"column":9}},"17":{"start":{"line":62,"column":8},"end":{"line":62,"column":15}},"18":{"start":{"line":64,"column":4},"end":{"line":77,"column":5}},"19":{"start":{"line":70,"column":8},"end":{"line":70,"column":14}},"20":{"start":{"line":76,"column":8},"end":{"line":76,"column":14}},"21":{"start":{"line":82,"column":4},"end":{"line":84,"column":9}},"22":{"start":{"line":83,"column":8},"end":{"line":83,"column":15}},"23":{"start":{"line":85,"column":4},"end":{"line":184,"column":5}},"24":{"start":{"line":92,"column":8},"end":{"line":94,"column":63}},"25":{"start":{"line":95,"column":8},"end":{"line":95,"column":14}},"26":{"start":{"line":102,"column":8},"end":{"line":111,"column":10},"skip":true},"27":{"start":{"line":109,"column":12},"end":{"line":109,"column":55},"skip":true},"28":{"start":{"line":110,"column":12},"end":{"line":110,"column":48},"skip":true},"29":{"start":{"line":113,"column":8},"end":{"line":126,"column":10},"skip":true},"30":{"start":{"line":120,"column":12},"end":{"line":120,"column":76},"skip":true},"31":{"start":{"line":121,"column":12},"end":{"line":121,"column":73},"skip":true},"32":{"start":{"line":122,"column":12},"end":{"line":122,"column":74},"skip":true},"33":{"start":{"line":123,"column":12},"end":{"line":123,"column":79},"skip":true},"34":{"start":{"line":124,"column":12},"end":{"line":124,"column":25},"skip":true},"35":{"start":{"line":125,"column":12},"end":{"line":125,"column":45},"skip":true},"36":{"start":{"line":128,"column":8},"end":{"line":135,"column":14},"skip":true},"37":{"start":{"line":133,"column":16},"end":{"line":133,"column":29},"skip":true},"38":{"start":{"line":134,"column":16},"end":{"line":134,"column":55},"skip":true},"39":{"start":{"line":137,"column":8},"end":{"line":146,"column":10},"skip":true},"40":{"start":{"line":144,"column":12},"end":{"line":144,"column":25},"skip":true},"41":{"start":{"line":145,"column":12},"end":{"line":145,"column":45},"skip":true},"42":{"start":{"line":148,"column":8},"end":{"line":157,"column":10},"skip":true},"43":{"start":{"line":155,"column":12},"end":{"line":155,"column":25},"skip":true},"44":{"start":{"line":156,"column":12},"end":{"line":156,"column":48},"skip":true},"45":{"start":{"line":159,"column":8},"end":{"line":168,"column":10},"skip":true},"46":{"start":{"line":166,"column":12},"end":{"line":166,"column":25},"skip":true},"47":{"start":{"line":167,"column":12},"end":{"line":167,"column":46},"skip":true},"48":{"start":{"line":170,"column":8},"end":{"line":179,"column":10},"skip":true},"49":{"start":{"line":177,"column":12},"end":{"line":177,"column":94},"skip":true},"50":{"start":{"line":178,"column":12},"end":{"line":178,"column":48},"skip":true},"51":{"start":{"line":182,"column":8},"end":{"line":182,"column":35},"skip":true},"52":{"start":{"line":183,"column":8},"end":{"line":183,"column":14},"skip":true}},"branchMap":{"1":{"line":25,"type":"binary-expr","locations":[{"start":{"line":25,"column":23},"end":{"line":25,"column":62}},{"start":{"line":26,"column":20},"end":{"line":26,"column":70}},{"start":{"line":27,"column":20},"end":{"line":27,"column":71}},{"start":{"line":28,"column":20},"end":{"line":28,"column":29}}]},"2":{"line":30,"type":"binary-expr","locations":[{"start":{"line":30,"column":23},"end":{"line":30,"column":37}},{"start":{"line":31,"column":20},"end":{"line":31,"column":61}},{"start":{"line":32,"column":20},"end":{"line":32,"column":70}},{"start":{"line":33,"column":20},"end":{"line":33,"column":26}}]},"3":{"line":37,"type":"cond-expr","locations":[{"start":{"line":38,"column":14},"end":{"line":38,"column":20}},{"start":{"line":39,"column":14},"end":{"line":39,"column":20}}]},"4":{"line":40,"type":"switch","locations":[{"start":{"line":42,"column":8},"end":{"line":47,"column":18}},{"start":{"line":49,"column":8},"end":{"line":52,"column":18}}]},"5":{"line":44,"type":"binary-expr","locations":[{"start":{"line":44,"column":16},"end":{"line":44,"column":44}},{"start":{"line":44,"column":48},"end":{"line":44,"column":66}}]},"6":{"line":50,"type":"binary-expr","locations":[{"start":{"line":50,"column":21},"end":{"line":50,"column":49}},{"start":{"line":50,"column":53},"end":{"line":50,"column":72}}]},"7":{"line":64,"type":"switch","locations":[{"start":{"line":69,"column":4},"end":{"line":70,"column":14}},{"start":{"line":75,"column":4},"end":{"line":76,"column":14}}]},"8":{"line":85,"type":"switch","locations":[{"start":{"line":90,"column":4},"end":{"line":95,"column":14}},{"start":{"line":101,"column":4},"end":{"line":183,"column":14},"skip":true}]},"9":{"line":92,"type":"binary-expr","locations":[{"start":{"line":92,"column":18},"end":{"line":92,"column":32}},{"start":{"line":93,"column":12},"end":{"line":93,"column":53}},{"start":{"line":94,"column":12},"end":{"line":94,"column":61}}]},"10":{"line":102,"type":"binary-expr","locations":[{"start":{"line":102,"column":45},"end":{"line":102,"column":79},"skip":true},{"start":{"line":102,"column":83},"end":{"line":111,"column":9},"skip":true}]},"11":{"line":113,"type":"binary-expr","locations":[{"start":{"line":113,"column":42},"end":{"line":113,"column":73},"skip":true},{"start":{"line":113,"column":77},"end":{"line":126,"column":9},"skip":true}]},"12":{"line":128,"type":"binary-expr","locations":[{"start":{"line":128,"column":48},"end":{"line":128,"column":85},"skip":true},{"start":{"line":129,"column":12},"end":{"line":135,"column":13},"skip":true}]},"13":{"line":137,"type":"binary-expr","locations":[{"start":{"line":137,"column":42},"end":{"line":137,"column":73},"skip":true},{"start":{"line":137,"column":77},"end":{"line":146,"column":9},"skip":true}]},"14":{"line":148,"type":"binary-expr","locations":[{"start":{"line":148,"column":45},"end":{"line":148,"column":79},"skip":true},{"start":{"line":148,"column":83},"end":{"line":157,"column":9},"skip":true}]},"15":{"line":159,"type":"binary-expr","locations":[{"start":{"line":159,"column":43},"end":{"line":159,"column":75},"skip":true},{"start":{"line":159,"column":79},"end":{"line":168,"column":9},"skip":true}]},"16":{"line":170,"type":"binary-expr","locations":[{"start":{"line":170,"column":41},"end":{"line":170,"column":71},"skip":true},{"start":{"line":170,"column":75},"end":{"line":179,"column":9},"skip":true}]}},"code":["/* istanbul instrument in package npmtest_gulp_newer */","/*jslint","    bitwise: true,","    browser: true,","    maxerr: 8,","    maxlen: 96,","    node: true,","    nomen: true,","    regexp: true,","    stupid: true","*/","(function () {","    'use strict';","    var local;","","","","    // run shared js-env code - pre-init","    (function () {","        // init local","        local = {};","        // init modeJs","        local.modeJs = (function () {","            try {","                return typeof navigator.userAgent === 'string' &&","                    typeof document.querySelector('body') === 'object' &&","                    typeof XMLHttpRequest.prototype.open === 'function' &&","                    'browser';","            } catch (errorCaughtBrowser) {","                return module.exports &&","                    typeof process.versions.node === 'string' &&","                    typeof require('http').createServer === 'function' &&","                    'node';","            }","        }());","        // init global","        local.global = local.modeJs === 'browser'","            ? window","            : global;","        switch (local.modeJs) {","        // re-init local from window.local","        case 'browser':","            local = local.global.utility2.objectSetDefault(","                local.global.utility2_rollup || local.global.local,","                local.global.utility2","            );","            break;","        // re-init local from example.js","        case 'node':","            local = (local.global.utility2_rollup || require('utility2'))","                .requireExampleJsFromReadme();","            break;","        }","        // export local","        local.global.local = local;","    }());","","","","    // run shared js-env code - function","    (function () {","        return;","    }());","    switch (local.modeJs) {","","","","    // run browser js-env code - function","    case 'browser':","        break;","","","","    // run node js-env code - function","    case 'node':","        break;","    }","","","","    // run shared js-env code - post-init","    (function () {","        return;","    }());","    switch (local.modeJs) {","","","","    // run browser js-env code - post-init","    case 'browser':","        // run tests","        local.nop(local.modeTest &&","            document.querySelector('#testRunButton1') &&","            document.querySelector('#testRunButton1').click());","        break;","","","","    // run node js-env code - post-init","    /* istanbul ignore next */","    case 'node':","        local.testCase_buildApidoc_default = local.testCase_buildApidoc_default || function (","            options,","            onError","        ) {","        /*","         * this function will test buildApidoc's default handling-behavior-behavior","         */","            options = { modulePathList: module.paths };","            local.buildApidoc(options, onError);","        };","","        local.testCase_buildApp_default = local.testCase_buildApp_default || function (","            options,","            onError","        ) {","        /*","         * this function will test buildApp's default handling-behavior-behavior","         */","            local.testCase_buildReadme_default(options, local.onErrorThrow);","            local.testCase_buildLib_default(options, local.onErrorThrow);","            local.testCase_buildTest_default(options, local.onErrorThrow);","            local.testCase_buildCustomOrg_default(options, local.onErrorThrow);","            options = [];","            local.buildApp(options, onError);","        };","","        local.testCase_buildCustomOrg_default = local.testCase_buildCustomOrg_default ||","            function (options, onError) {","            /*","             * this function will test buildCustomOrg's default handling-behavior","             */","                options = {};","                local.buildCustomOrg(options, onError);","            };","","        local.testCase_buildLib_default = local.testCase_buildLib_default || function (","            options,","            onError","        ) {","        /*","         * this function will test buildLib's default handling-behavior","         */","            options = {};","            local.buildLib(options, onError);","        };","","        local.testCase_buildReadme_default = local.testCase_buildReadme_default || function (","            options,","            onError","        ) {","        /*","         * this function will test buildReadme's default handling-behavior-behavior","         */","            options = {};","            local.buildReadme(options, onError);","        };","","        local.testCase_buildTest_default = local.testCase_buildTest_default || function (","            options,","            onError","        ) {","        /*","         * this function will test buildTest's default handling-behavior","         */","            options = {};","            local.buildTest(options, onError);","        };","","        local.testCase_webpage_default = local.testCase_webpage_default || function (","            options,","            onError","        ) {","        /*","         * this function will test webpage's default handling-behavior","         */","            options = { modeCoverageMerge: true, url: local.serverLocalHost + '?modeTest=1' };","            local.browserTest(options, onError);","        };","","        // run test-server","        local.testRunServer(local);","        break;","    }","}());",""],"l":{"12":2,"14":2,"19":2,"21":2,"23":2,"24":2,"25":2,"30":1,"37":2,"40":2,"43":1,"47":1,"50":1,"52":1,"55":2,"61":2,"62":2,"64":2,"70":1,"76":1,"82":2,"83":2,"85":2,"92":1,"95":1,"102":1,"109":1,"110":1,"113":1,"120":1,"121":1,"122":1,"123":1,"124":1,"125":1,"128":1,"133":2,"134":2,"137":1,"144":2,"145":2,"148":1,"155":2,"156":2,"159":1,"166":2,"167":2,"170":1,"177":1,"178":1,"182":1,"183":1}},"/home/travis/build/npmtest/node-npmtest-gulp-newer/lib.npmtest_gulp_newer.js":{"path":"/home/travis/build/npmtest/node-npmtest-gulp-newer/lib.npmtest_gulp_newer.js","s":{"1":2,"2":2,"3":2,"4":2,"5":2,"6":2,"7":2,"8":1,"9":2,"10":2,"11":2,"12":2,"13":1,"14":1,"15":1,"16":1},"b":{"1":[2,1,1,1],"2":[1,1,1,1],"3":[1,1],"4":[2,2],"5":[1,1]},"f":{"1":2,"2":2,"3":2},"fnMap":{"1":{"name":"(anonymous_1)","line":12,"loc":{"start":{"line":12,"column":1},"end":{"line":12,"column":13}}},"2":{"name":"(anonymous_2)","line":19,"loc":{"start":{"line":19,"column":5},"end":{"line":19,"column":17}}},"3":{"name":"(anonymous_3)","line":23,"loc":{"start":{"line":23,"column":24},"end":{"line":23,"column":36}}}},"statementMap":{"1":{"start":{"line":12,"column":0},"end":{"line":53,"column":5}},"2":{"start":{"line":14,"column":4},"end":{"line":14,"column":14}},"3":{"start":{"line":19,"column":4},"end":{"line":52,"column":9}},"4":{"start":{"line":21,"column":8},"end":{"line":21,"column":19}},"5":{"start":{"line":23,"column":8},"end":{"line":35,"column":13}},"6":{"start":{"line":24,"column":12},"end":{"line":34,"column":13}},"7":{"start":{"line":25,"column":16},"end":{"line":28,"column":30}},"8":{"start":{"line":30,"column":16},"end":{"line":33,"column":27}},"9":{"start":{"line":37,"column":8},"end":{"line":39,"column":21}},"10":{"start":{"line":41,"column":8},"end":{"line":41,"column":54}},"11":{"start":{"line":43,"column":8},"end":{"line":43,"column":55}},"12":{"start":{"line":45,"column":8},"end":{"line":51,"column":9}},"13":{"start":{"line":46,"column":12},"end":{"line":46,"column":61}},"14":{"start":{"line":48,"column":12},"end":{"line":48,"column":35}},"15":{"start":{"line":49,"column":12},"end":{"line":49,"column":49}},"16":{"start":{"line":50,"column":12},"end":{"line":50,"column":43}}},"branchMap":{"1":{"line":25,"type":"binary-expr","locations":[{"start":{"line":25,"column":23},"end":{"line":25,"column":62}},{"start":{"line":26,"column":20},"end":{"line":26,"column":70}},{"start":{"line":27,"column":20},"end":{"line":27,"column":71}},{"start":{"line":28,"column":20},"end":{"line":28,"column":29}}]},"2":{"line":30,"type":"binary-expr","locations":[{"start":{"line":30,"column":23},"end":{"line":30,"column":37}},{"start":{"line":31,"column":20},"end":{"line":31,"column":61}},{"start":{"line":32,"column":20},"end":{"line":32,"column":70}},{"start":{"line":33,"column":20},"end":{"line":33,"column":26}}]},"3":{"line":37,"type":"cond-expr","locations":[{"start":{"line":38,"column":14},"end":{"line":38,"column":20}},{"start":{"line":39,"column":14},"end":{"line":39,"column":20}}]},"4":{"line":41,"type":"binary-expr","locations":[{"start":{"line":41,"column":16},"end":{"line":41,"column":44}},{"start":{"line":41,"column":48},"end":{"line":41,"column":53}}]},"5":{"line":45,"type":"if","locations":[{"start":{"line":45,"column":8},"end":{"line":45,"column":8}},{"start":{"line":45,"column":8},"end":{"line":45,"column":8}}]}},"code":["/* istanbul instrument in package npmtest_gulp_newer */","/*jslint","    bitwise: true,","    browser: true,","    maxerr: 8,","    maxlen: 96,","    node: true,","    nomen: true,","    regexp: true,","    stupid: true","*/","(function () {","    'use strict';","    var local;","","","","    // run shared js-env code - pre-init","    (function () {","        // init local","        local = {};","        // init modeJs","        local.modeJs = (function () {","            try {","                return typeof navigator.userAgent === 'string' &&","                    typeof document.querySelector('body') === 'object' &&","                    typeof XMLHttpRequest.prototype.open === 'function' &&","                    'browser';","            } catch (errorCaughtBrowser) {","                return module.exports &&","                    typeof process.versions.node === 'string' &&","                    typeof require('http').createServer === 'function' &&","                    'node';","            }","        }());","        // init global","        local.global = local.modeJs === 'browser'","            ? window","            : global;","        // init utility2_rollup","        local = local.global.utility2_rollup || local;","        // init lib","        local.local = local.npmtest_gulp_newer = local;","        // init exports","        if (local.modeJs === 'browser') {","            local.global.utility2_npmtest_gulp_newer = local;","        } else {","            module.exports = local;","            module.exports.__dirname = __dirname;","            module.exports.module = module;","        }","    }());","}());",""],"l":{"12":2,"14":2,"19":2,"21":2,"23":2,"24":2,"25":2,"30":1,"37":2,"41":2,"43":2,"45":2,"46":1,"48":1,"49":1,"50":1}},"/home/travis/build/npmtest/node-npmtest-gulp-newer/example.js":{"path":"/home/travis/build/npmtest/node-npmtest-gulp-newer/example.js","s":{"1":2,"2":2,"3":2,"4":2,"5":2,"6":2,"7":2,"8":1,"9":2,"10":2,"11":2,"12":2,"13":1,"14":2,"15":2,"16":2,"17":2,"18":2,"19":0,"20":2,"21":1,"22":1,"23":1,"24":1,"25":1,"26":0,"27":0,"28":1,"29":1,"30":2,"31":0,"32":0,"33":0,"34":1,"35":2,"36":2,"37":2,"38":2,"39":2,"40":2,"41":0,"42":2,"43":2,"44":2,"45":1,"46":3,"47":1,"48":1,"49":1,"50":1,"51":1,"52":1,"53":1,"54":1,"55":1,"56":1,"57":0,"58":1,"59":6,"60":6,"61":1,"62":2,"63":0,"64":2,"65":1,"66":1,"67":0,"68":0,"69":0,"70":0,"71":0,"72":0,"73":0,"74":0,"75":0,"76":0,"77":0,"78":0,"79":0,"80":0,"81":0,"82":0,"83":0},"b":{"1":[2,1,1,1],"2":[1,1,1,1],"3":[1,1],"4":[2,2],"5":[1,1],"6":[1,1],"7":[2,0],"8":[2,1,1,1,1,1],"9":[0,2,0],"10":[1,1],"11":[2,1,1],"12":[1,0],"13":[0,2],"14":[2,0,0,0,0,0,0],"15":[0,2],"16":[2,0],"17":[1,1],"18":[0,1],"19":[1,2,0,2],"20":[1,0],"21":[1,1],"22":[0,0],"23":[0,0],"24":[0,0],"25":[0,0],"26":[0,0],"27":[0,0],"28":[0,0]},"f":{"1":2,"2":2,"3":2,"4":2,"5":2,"6":2,"7":2,"8":2,"9":3,"10":1,"11":6,"12":0},"fnMap":{"1":{"name":"(anonymous_1)","line":26,"loc":{"start":{"line":26,"column":1},"end":{"line":26,"column":13}}},"2":{"name":"(anonymous_2)","line":33,"loc":{"start":{"line":33,"column":5},"end":{"line":33,"column":17}}},"3":{"name":"(anonymous_3)","line":37,"loc":{"start":{"line":37,"column":24},"end":{"line":37,"column":36}}},"4":{"name":"(anonymous_4)","line":69,"loc":{"start":{"line":69,"column":31},"end":{"line":69,"column":48}},"skip":true},"5":{"name":"(anonymous_5)","line":78,"loc":{"start":{"line":78,"column":26},"end":{"line":78,"column":45}},"skip":true},"6":{"name":"(anonymous_6)","line":123,"loc":{"start":{"line":123,"column":33},"end":{"line":123,"column":48}},"skip":true},"7":{"name":"(anonymous_7)","line":125,"loc":{"start":{"line":125,"column":27},"end":{"line":125,"column":39}},"skip":true},"8":{"name":"(anonymous_8)","line":133,"loc":{"start":{"line":133,"column":59},"end":{"line":133,"column":74}},"skip":true},"9":{"name":"(anonymous_9)","line":143,"loc":{"start":{"line":143,"column":45},"end":{"line":143,"column":62}},"skip":true},"10":{"name":"(anonymous_10)","line":144,"loc":{"start":{"line":144,"column":73},"end":{"line":144,"column":92}},"skip":true},"11":{"name":"(anonymous_11)","line":272,"loc":{"start":{"line":272,"column":51},"end":{"line":272,"column":77}},"skip":true},"12":{"name":"(anonymous_12)","line":314,"loc":{"start":{"line":314,"column":32},"end":{"line":314,"column":61}},"skip":true}},"statementMap":{"1":{"start":{"line":26,"column":0},"end":{"line":325,"column":5}},"2":{"start":{"line":28,"column":4},"end":{"line":28,"column":14}},"3":{"start":{"line":33,"column":4},"end":{"line":60,"column":9}},"4":{"start":{"line":35,"column":8},"end":{"line":35,"column":19}},"5":{"start":{"line":37,"column":8},"end":{"line":49,"column":13}},"6":{"start":{"line":38,"column":12},"end":{"line":48,"column":13}},"7":{"start":{"line":39,"column":16},"end":{"line":42,"column":30}},"8":{"start":{"line":44,"column":16},"end":{"line":47,"column":27}},"9":{"start":{"line":51,"column":8},"end":{"line":53,"column":21}},"10":{"start":{"line":55,"column":8},"end":{"line":57,"column":45}},"11":{"start":{"line":59,"column":8},"end":{"line":59,"column":35}},"12":{"start":{"line":61,"column":4},"end":{"line":324,"column":5}},"13":{"start":{"line":69,"column":8},"end":{"line":121,"column":10},"skip":true},"14":{"start":{"line":70,"column":12},"end":{"line":88,"column":13},"skip":true},"15":{"start":{"line":76,"column":16},"end":{"line":87,"column":19},"skip":true},"16":{"start":{"line":79,"column":20},"end":{"line":86,"column":21},"skip":true},"17":{"start":{"line":82,"column":24},"end":{"line":82,"column":43},"skip":true},"18":{"start":{"line":83,"column":24},"end":{"line":83,"column":30},"skip":true},"19":{"start":{"line":85,"column":24},"end":{"line":85,"column":49},"skip":true},"20":{"start":{"line":89,"column":12},"end":{"line":107,"column":13},"skip":true},"21":{"start":{"line":92,"column":16},"end":{"line":102,"column":17},"skip":true},"22":{"start":{"line":93,"column":20},"end":{"line":93,"column":86},"skip":true},"23":{"start":{"line":94,"column":20},"end":{"line":95,"column":45},"skip":true},"24":{"start":{"line":96,"column":20},"end":{"line":96,"column":42},"skip":true},"25":{"start":{"line":97,"column":20},"end":{"line":97,"column":48},"skip":true},"26":{"start":{"line":100,"column":20},"end":{"line":100,"column":85},"skip":true},"27":{"start":{"line":101,"column":20},"end":{"line":101,"column":96},"skip":true},"28":{"start":{"line":103,"column":16},"end":{"line":103,"column":22},"skip":true},"29":{"start":{"line":106,"column":16},"end":{"line":106,"column":22},"skip":true},"30":{"start":{"line":108,"column":12},"end":{"line":120,"column":13},"skip":true},"31":{"start":{"line":114,"column":16},"end":{"line":119,"column":17},"skip":true},"32":{"start":{"line":116,"column":20},"end":{"line":116,"column":78},"skip":true},"33":{"start":{"line":118,"column":20},"end":{"line":118,"column":47},"skip":true},"34":{"start":{"line":123,"column":8},"end":{"line":141,"column":11},"skip":true},"35":{"start":{"line":124,"column":12},"end":{"line":124,"column":54},"skip":true},"36":{"start":{"line":125,"column":12},"end":{"line":140,"column":14},"skip":true},"37":{"start":{"line":126,"column":16},"end":{"line":126,"column":28},"skip":true},"38":{"start":{"line":127,"column":16},"end":{"line":127,"column":69},"skip":true},"39":{"start":{"line":128,"column":16},"end":{"line":128,"column":75},"skip":true},"40":{"start":{"line":129,"column":16},"end":{"line":131,"column":17},"skip":true},"41":{"start":{"line":130,"column":20},"end":{"line":130,"column":27},"skip":true},"42":{"start":{"line":133,"column":16},"end":{"line":137,"column":36},"skip":true},"43":{"start":{"line":134,"column":20},"end":{"line":136,"column":55},"skip":true},"44":{"start":{"line":139,"column":16},"end":{"line":139,"column":57},"skip":true},"45":{"start":{"line":143,"column":8},"end":{"line":147,"column":11},"skip":true},"46":{"start":{"line":144,"column":12},"end":{"line":146,"column":15},"skip":true},"47":{"start":{"line":145,"column":16},"end":{"line":145,"column":70},"skip":true},"48":{"start":{"line":149,"column":8},"end":{"line":149,"column":31},"skip":true},"49":{"start":{"line":150,"column":8},"end":{"line":150,"column":14},"skip":true},"50":{"start":{"line":158,"column":8},"end":{"line":158,"column":31},"skip":true},"51":{"start":{"line":160,"column":8},"end":{"line":160,"column":33},"skip":true},"52":{"start":{"line":161,"column":8},"end":{"line":161,"column":37},"skip":true},"53":{"start":{"line":162,"column":8},"end":{"line":162,"column":35},"skip":true},"54":{"start":{"line":164,"column":8},"end":{"line":164,"column":50},"skip":true},"55":{"start":{"line":166,"column":8},"end":{"line":256,"column":2},"skip":true},"56":{"start":{"line":258,"column":8},"end":{"line":286,"column":9},"skip":true},"57":{"start":{"line":259,"column":12},"end":{"line":269,"column":14},"skip":true},"58":{"start":{"line":271,"column":12},"end":{"line":285,"column":19},"skip":true},"59":{"start":{"line":274,"column":20},"end":{"line":274,"column":35},"skip":true},"60":{"start":{"line":275,"column":20},"end":{"line":284,"column":21},"skip":true},"61":{"start":{"line":277,"column":24},"end":{"line":277,"column":64},"skip":true},"62":{"start":{"line":279,"column":24},"end":{"line":279,"column":40},"skip":true},"63":{"start":{"line":281,"column":24},"end":{"line":281,"column":40},"skip":true},"64":{"start":{"line":283,"column":24},"end":{"line":283,"column":39},"skip":true},"65":{"start":{"line":288,"column":8},"end":{"line":290,"column":9},"skip":true},"66":{"start":{"line":289,"column":12},"end":{"line":289,"column":18},"skip":true},"67":{"start":{"line":291,"column":8},"end":{"line":293,"column":54},"skip":true},"68":{"start":{"line":294,"column":8},"end":{"line":301,"column":37},"skip":true},"69":{"start":{"line":302,"column":8},"end":{"line":302,"column":82},"skip":true},"70":{"start":{"line":305,"column":8},"end":{"line":307,"column":9},"skip":true},"71":{"start":{"line":306,"column":12},"end":{"line":306,"column":82},"skip":true},"72":{"start":{"line":309,"column":8},"end":{"line":311,"column":9},"skip":true},"73":{"start":{"line":310,"column":12},"end":{"line":310,"column":18},"skip":true},"74":{"start":{"line":312,"column":8},"end":{"line":312,"column":54},"skip":true},"75":{"start":{"line":313,"column":8},"end":{"line":313,"column":69},"skip":true},"76":{"start":{"line":314,"column":8},"end":{"line":322,"column":36},"skip":true},"77":{"start":{"line":315,"column":12},"end":{"line":315,"column":61},"skip":true},"78":{"start":{"line":316,"column":12},"end":{"line":319,"column":13},"skip":true},"79":{"start":{"line":317,"column":16},"end":{"line":317,"column":75},"skip":true},"80":{"start":{"line":318,"column":16},"end":{"line":318,"column":23},"skip":true},"81":{"start":{"line":320,"column":12},"end":{"line":320,"column":38},"skip":true},"82":{"start":{"line":321,"column":12},"end":{"line":321,"column":27},"skip":true},"83":{"start":{"line":323,"column":8},"end":{"line":323,"column":14},"skip":true}},"branchMap":{"1":{"line":39,"type":"binary-expr","locations":[{"start":{"line":39,"column":23},"end":{"line":39,"column":62}},{"start":{"line":40,"column":20},"end":{"line":40,"column":70}},{"start":{"line":41,"column":20},"end":{"line":41,"column":71}},{"start":{"line":42,"column":20},"end":{"line":42,"column":29}}]},"2":{"line":44,"type":"binary-expr","locations":[{"start":{"line":44,"column":23},"end":{"line":44,"column":37}},{"start":{"line":45,"column":20},"end":{"line":45,"column":61}},{"start":{"line":46,"column":20},"end":{"line":46,"column":70}},{"start":{"line":47,"column":20},"end":{"line":47,"column":26}}]},"3":{"line":51,"type":"cond-expr","locations":[{"start":{"line":52,"column":14},"end":{"line":52,"column":20}},{"start":{"line":53,"column":14},"end":{"line":53,"column":20}}]},"4":{"line":55,"type":"binary-expr","locations":[{"start":{"line":55,"column":16},"end":{"line":55,"column":44}},{"start":{"line":55,"column":49},"end":{"line":57,"column":43}}]},"5":{"line":55,"type":"cond-expr","locations":[{"start":{"line":56,"column":14},"end":{"line":56,"column":54}},{"start":{"line":57,"column":14},"end":{"line":57,"column":43}}]},"6":{"line":61,"type":"switch","locations":[{"start":{"line":68,"column":4},"end":{"line":150,"column":14},"skip":true},{"start":{"line":156,"column":4},"end":{"line":323,"column":14},"skip":true}]},"7":{"line":70,"type":"if","locations":[{"start":{"line":70,"column":12},"end":{"line":70,"column":12},"skip":true},{"start":{"line":70,"column":12},"end":{"line":70,"column":12},"skip":true}]},"8":{"line":70,"type":"binary-expr","locations":[{"start":{"line":70,"column":16},"end":{"line":70,"column":22},"skip":true},{"start":{"line":70,"column":27},"end":{"line":70,"column":32},"skip":true},{"start":{"line":71,"column":20},"end":{"line":71,"column":39},"skip":true},{"start":{"line":72,"column":20},"end":{"line":72,"column":49},"skip":true},{"start":{"line":73,"column":20},"end":{"line":73,"column":58},"skip":true},{"start":{"line":74,"column":20},"end":{"line":74,"column":69},"skip":true}]},"9":{"line":79,"type":"switch","locations":[{"start":{"line":80,"column":20},"end":{"line":80,"column":33},"skip":true},{"start":{"line":81,"column":20},"end":{"line":83,"column":30},"skip":true},{"start":{"line":84,"column":20},"end":{"line":85,"column":49},"skip":true}]},"10":{"line":89,"type":"switch","locations":[{"start":{"line":90,"column":12},"end":{"line":103,"column":22},"skip":true},{"start":{"line":105,"column":12},"end":{"line":106,"column":22},"skip":true}]},"11":{"line":89,"type":"binary-expr","locations":[{"start":{"line":89,"column":20},"end":{"line":89,"column":25},"skip":true},{"start":{"line":89,"column":29},"end":{"line":89,"column":48},"skip":true},{"start":{"line":89,"column":52},"end":{"line":89,"column":74},"skip":true}]},"12":{"line":92,"type":"if","locations":[{"start":{"line":92,"column":16},"end":{"line":92,"column":16},"skip":true},{"start":{"line":92,"column":16},"end":{"line":92,"column":16},"skip":true}]},"13":{"line":108,"type":"if","locations":[{"start":{"line":108,"column":12},"end":{"line":108,"column":12},"skip":true},{"start":{"line":108,"column":12},"end":{"line":108,"column":12},"skip":true}]},"14":{"line":108,"type":"binary-expr","locations":[{"start":{"line":108,"column":16},"end":{"line":108,"column":61},"skip":true},{"start":{"line":108,"column":66},"end":{"line":108,"column":72},"skip":true},{"start":{"line":108,"column":77},"end":{"line":108,"column":82},"skip":true},{"start":{"line":109,"column":20},"end":{"line":109,"column":39},"skip":true},{"start":{"line":110,"column":20},"end":{"line":110,"column":49},"skip":true},{"start":{"line":111,"column":20},"end":{"line":111,"column":58},"skip":true},{"start":{"line":112,"column":20},"end":{"line":112,"column":68},"skip":true}]},"15":{"line":129,"type":"if","locations":[{"start":{"line":129,"column":16},"end":{"line":129,"column":16},"skip":true},{"start":{"line":129,"column":16},"end":{"line":129,"column":16},"skip":true}]},"16":{"line":134,"type":"cond-expr","locations":[{"start":{"line":135,"column":26},"end":{"line":135,"column":29},"skip":true},{"start":{"line":136,"column":26},"end":{"line":136,"column":54},"skip":true}]},"17":{"line":164,"type":"binary-expr","locations":[{"start":{"line":164,"column":27},"end":{"line":164,"column":43},"skip":true},{"start":{"line":164,"column":47},"end":{"line":164,"column":49},"skip":true}]},"18":{"line":258,"type":"if","locations":[{"start":{"line":258,"column":8},"end":{"line":258,"column":8},"skip":true},{"start":{"line":258,"column":8},"end":{"line":258,"column":8},"skip":true}]},"19":{"line":275,"type":"switch","locations":[{"start":{"line":276,"column":20},"end":{"line":277,"column":64},"skip":true},{"start":{"line":278,"column":20},"end":{"line":279,"column":40},"skip":true},{"start":{"line":280,"column":20},"end":{"line":281,"column":40},"skip":true},{"start":{"line":282,"column":20},"end":{"line":283,"column":39},"skip":true}]},"20":{"line":288,"type":"if","locations":[{"start":{"line":288,"column":8},"end":{"line":288,"column":8},"skip":true},{"start":{"line":288,"column":8},"end":{"line":288,"column":8},"skip":true}]},"21":{"line":288,"type":"binary-expr","locations":[{"start":{"line":288,"column":12},"end":{"line":288,"column":40},"skip":true},{"start":{"line":288,"column":44},"end":{"line":288,"column":67},"skip":true}]},"22":{"line":292,"type":"binary-expr","locations":[{"start":{"line":292,"column":12},"end":{"line":292,"column":50},"skip":true},{"start":{"line":293,"column":12},"end":{"line":293,"column":53},"skip":true}]},"23":{"line":295,"type":"binary-expr","locations":[{"start":{"line":295,"column":12},"end":{"line":295,"column":68},"skip":true},{"start":{"line":296,"column":12},"end":{"line":301,"column":36},"skip":true}]},"24":{"line":302,"type":"binary-expr","locations":[{"start":{"line":302,"column":43},"end":{"line":302,"column":75},"skip":true},{"start":{"line":302,"column":79},"end":{"line":302,"column":81},"skip":true}]},"25":{"line":305,"type":"if","locations":[{"start":{"line":305,"column":8},"end":{"line":305,"column":8},"skip":true},{"start":{"line":305,"column":8},"end":{"line":305,"column":8},"skip":true}]},"26":{"line":309,"type":"if","locations":[{"start":{"line":309,"column":8},"end":{"line":309,"column":8},"skip":true},{"start":{"line":309,"column":8},"end":{"line":309,"column":8},"skip":true}]},"27":{"line":312,"type":"binary-expr","locations":[{"start":{"line":312,"column":27},"end":{"line":312,"column":43},"skip":true},{"start":{"line":312,"column":47},"end":{"line":312,"column":53},"skip":true}]},"28":{"line":316,"type":"if","locations":[{"start":{"line":316,"column":12},"end":{"line":316,"column":12},"skip":true},{"start":{"line":316,"column":12},"end":{"line":316,"column":12},"skip":true}]}},"code":["/*","example.js","","quickstart example","","instruction","    1. save this script as example.js","    2. run the shell command:","        $ npm install npmtest-gulp-newer && PORT=8081 node example.js","    3. play with the browser-demo on http://127.0.0.1:8081","*/","","","","/* istanbul instrument in package npmtest_gulp_newer */","/*jslint","    bitwise: true,","    browser: true,","    maxerr: 8,","    maxlen: 96,","    node: true,","    nomen: true,","    regexp: true,","    stupid: true","*/","(function () {","    'use strict';","    var local;","","","","    // run shared js-env code - pre-init","    (function () {","        // init local","        local = {};","        // init modeJs","        local.modeJs = (function () {","            try {","                return typeof navigator.userAgent === 'string' &&","                    typeof document.querySelector('body') === 'object' &&","                    typeof XMLHttpRequest.prototype.open === 'function' &&","                    'browser';","            } catch (errorCaughtBrowser) {","                return module.exports &&","                    typeof process.versions.node === 'string' &&","                    typeof require('http').createServer === 'function' &&","                    'node';","            }","        }());","        // init global","        local.global = local.modeJs === 'browser'","            ? window","            : global;","        // init utility2_rollup","        local = local.global.utility2_rollup || (local.modeJs === 'browser'","            ? local.global.utility2_npmtest_gulp_newer","            : global.utility2_moduleExports);","        // export local","        local.global.local = local;","    }());","    switch (local.modeJs) {","","","","    // post-init","    // run browser js-env code - post-init","    /* istanbul ignore next */","    case 'browser':","        local.testRunBrowser = function (event) {","            if (!event || (event &&","                    event.currentTarget &&","                    event.currentTarget.className &&","                    event.currentTarget.className.includes &&","                    event.currentTarget.className.includes('onreset'))) {","                // reset output","                Array.from(","                    document.querySelectorAll('body > .resettable')","                ).forEach(function (element) {","                    switch (element.tagName) {","                    case 'INPUT':","                    case 'TEXTAREA':","                        element.value = '';","                        break;","                    default:","                        element.textContent = '';","                    }","                });","            }","            switch (event && event.currentTarget && event.currentTarget.id) {","            case 'testRunButton1':","                // show tests","                if (document.querySelector('#testReportDiv1').style.display === 'none') {","                    document.querySelector('#testReportDiv1').style.display = 'block';","                    document.querySelector('#testRunButton1').textContent =","                        'hide internal test';","                    local.modeTest = true;","                    local.testRunDefault(local);","                // hide tests","                } else {","                    document.querySelector('#testReportDiv1').style.display = 'none';","                    document.querySelector('#testRunButton1').textContent = 'run internal test';","                }","                break;","            // custom-case","            default:","                break;","            }","            if (document.querySelector('#inputTextareaEval1') && (!event || (event &&","                    event.currentTarget &&","                    event.currentTarget.className &&","                    event.currentTarget.className.includes &&","                    event.currentTarget.className.includes('oneval')))) {","                // try to eval input-code","                try {","                    /*jslint evil: true*/","                    eval(document.querySelector('#inputTextareaEval1').value);","                } catch (errorCaught) {","                    console.error(errorCaught);","                }","            }","        };","        // log stderr and stdout to #outputTextareaStdout1","        ['error', 'log'].forEach(function (key) {","            console[key + '_original'] = console[key];","            console[key] = function () {","                var element;","                console[key + '_original'].apply(console, arguments);","                element = document.querySelector('#outputTextareaStdout1');","                if (!element) {","                    return;","                }","                // append text to #outputTextareaStdout1","                element.value += Array.from(arguments).map(function (arg) {","                    return typeof arg === 'string'","                        ? arg","                        : JSON.stringify(arg, null, 4);","                }).join(' ') + '\\n';","                // scroll textarea to bottom","                element.scrollTop = element.scrollHeight;","            };","        });","        // init event-handling","        ['change', 'click', 'keyup'].forEach(function (event) {","            Array.from(document.querySelectorAll('.on' + event)).forEach(function (element) {","                element.addEventListener(event, local.testRunBrowser);","            });","        });","        // run tests","        local.testRunBrowser();","        break;","","","","    // run node js-env code - post-init","    /* istanbul ignore next */","    case 'node':","        // export local","        module.exports = local;","        // require modules","        local.fs = require('fs');","        local.http = require('http');","        local.url = require('url');","        // init assets","        local.assetsDict = local.assetsDict || {};","        /* jslint-ignore-begin */","        local.assetsDict['/assets.index.template.html'] = '\\","<!doctype html>\\n\\","<html lang=\"en\">\\n\\","<head>\\n\\","<meta charset=\"UTF-8\">\\n\\","<meta name=\"viewport\" content=\"width=device-width, initial-scale=1\">\\n\\","<title>{{env.npm_package_name}} (v{{env.npm_package_version}})</title>\\n\\","<style>\\n\\","/*csslint\\n\\","    box-sizing: false,\\n\\","    universal-selector: false\\n\\","*/\\n\\","* {\\n\\","    box-sizing: border-box;\\n\\","}\\n\\","body {\\n\\","    background: #dde;\\n\\","    font-family: Arial, Helvetica, sans-serif;\\n\\","    margin: 2rem;\\n\\","}\\n\\","body > * {\\n\\","    margin-bottom: 1rem;\\n\\","}\\n\\",".utility2FooterDiv {\\n\\","    margin-top: 20px;\\n\\","    text-align: center;\\n\\","}\\n\\","</style>\\n\\","<style>\\n\\","/*csslint\\n\\","*/\\n\\","textarea {\\n\\","    font-family: monospace;\\n\\","    height: 10rem;\\n\\","    width: 100%;\\n\\","}\\n\\","textarea[readonly] {\\n\\","    background: #ddd;\\n\\","}\\n\\","</style>\\n\\","</head>\\n\\","<body>\\n\\","<!-- utility2-comment\\n\\","<div id=\"ajaxProgressDiv1\" style=\"background: #d00; height: 2px; left: 0; margin: 0; padding: 0; position: fixed; top: 0; transition: background 0.5s, width 1.5s; width: 25%;\"></div>\\n\\","utility2-comment -->\\n\\","<h1>\\n\\","<!-- utility2-comment\\n\\","    <a\\n\\","        {{#if env.npm_package_homepage}}\\n\\","        href=\"{{env.npm_package_homepage}}\"\\n\\","        {{/if env.npm_package_homepage}}\\n\\","        target=\"_blank\"\\n\\","    >\\n\\","utility2-comment -->\\n\\","        {{env.npm_package_name}} (v{{env.npm_package_version}})\\n\\","<!-- utility2-comment\\n\\","    </a>\\n\\","utility2-comment -->\\n\\","</h1>\\n\\","<h3>{{env.npm_package_description}}</h3>\\n\\","<!-- utility2-comment\\n\\","<h4><a download href=\"assets.app.js\">download standalone app</a></h4>\\n\\","<button class=\"onclick onreset\" id=\"testRunButton1\">run internal test</button><br>\\n\\","<div id=\"testReportDiv1\" style=\"display: none;\"></div>\\n\\","utility2-comment -->\\n\\","\\n\\","\\n\\","\\n\\","<label>stderr and stdout</label>\\n\\","<textarea class=\"resettable\" id=\"outputTextareaStdout1\" readonly></textarea>\\n\\","<!-- utility2-comment\\n\\","{{#if isRollup}}\\n\\","<script src=\"assets.app.js\"></script>\\n\\","{{#unless isRollup}}\\n\\","utility2-comment -->\\n\\","<script src=\"assets.utility2.rollup.js\"></script>\\n\\","<script src=\"jsonp.utility2._stateInit?callback=window.utility2._stateInit\"></script>\\n\\","<script src=\"assets.npmtest_gulp_newer.rollup.js\"></script>\\n\\","<script src=\"assets.example.js\"></script>\\n\\","<script src=\"assets.test.js\"></script>\\n\\","<!-- utility2-comment\\n\\","{{/if isRollup}}\\n\\","utility2-comment -->\\n\\","<div class=\"utility2FooterDiv\">\\n\\","    [ this app was created with\\n\\","    <a href=\"https://github.com/kaizhu256/node-utility2\" target=\"_blank\">utility2</a>\\n\\","    ]\\n\\","</div>\\n\\","</body>\\n\\","</html>\\n\\","';","        /* jslint-ignore-end */","        if (local.templateRender) {","            local.assetsDict['/'] = local.templateRender(","                local.assetsDict['/assets.index.template.html'],","                {","                    env: local.objectSetDefault(local.env, {","                        npm_package_description: 'the greatest app in the world!',","                        npm_package_name: 'my-app',","                        npm_package_nameAlias: 'my_app',","                        npm_package_version: '0.0.1'","                    })","                }","            );","        } else {","            local.assetsDict['/'] = local.assetsDict['/assets.index.template.html']","                .replace((/\\{\\{env\\.(\\w+?)\\}\\}/g), function (match0, match1) {","                    // jslint-hack","                    String(match0);","                    switch (match1) {","                    case 'npm_package_description':","                        return 'the greatest app in the world!';","                    case 'npm_package_name':","                        return 'my-app';","                    case 'npm_package_nameAlias':","                        return 'my_app';","                    case 'npm_package_version':","                        return '0.0.1';","                    }","                });","        }","        // run the cli","        if (local.global.utility2_rollup || module !== require.main) {","            break;","        }","        local.assetsDict['/assets.example.js'] =","            local.assetsDict['/assets.example.js'] ||","            local.fs.readFileSync(__filename, 'utf8');","        local.assetsDict['/assets.npmtest_gulp_newer.rollup.js'] =","            local.assetsDict['/assets.npmtest_gulp_newer.rollup.js'] ||","            local.fs.readFileSync(","                // buildCustomOrg-hack","                local.npmtest_gulp_newer.__dirname +","                    '/lib.npmtest_gulp_newer.js',","                'utf8'","            ).replace((/^#!/), '//');","        local.assetsDict['/favicon.ico'] = local.assetsDict['/favicon.ico'] || '';","        // if $npm_config_timeout_exit exists,","        // then exit this process after $npm_config_timeout_exit ms","        if (Number(process.env.npm_config_timeout_exit)) {","            setTimeout(process.exit, Number(process.env.npm_config_timeout_exit));","        }","        // start server","        if (local.global.utility2_serverHttp1) {","            break;","        }","        process.env.PORT = process.env.PORT || '8081';","        console.error('server starting on port ' + process.env.PORT);","        local.http.createServer(function (request, response) {","            request.urlParsed = local.url.parse(request.url);","            if (local.assetsDict[request.urlParsed.pathname] !== undefined) {","                response.end(local.assetsDict[request.urlParsed.pathname]);","                return;","            }","            response.statusCode = 404;","            response.end();","        }).listen(process.env.PORT);","        break;","    }","}());",""],"l":{"26":2,"28":2,"33":2,"35":2,"37":2,"38":2,"39":2,"44":1,"51":2,"55":2,"59":2,"61":2,"69":1,"70":2,"76":2,"79":2,"82":2,"83":2,"85":1,"89":2,"92":1,"93":1,"94":1,"96":1,"97":1,"100":1,"101":1,"103":1,"106":1,"108":2,"114":1,"116":1,"118":1,"123":1,"124":2,"125":2,"126":2,"127":2,"128":2,"129":2,"130":1,"133":2,"134":2,"139":2,"143":1,"144":3,"145":1,"149":1,"150":1,"158":1,"160":1,"161":1,"162":1,"164":1,"166":1,"258":1,"259":1,"271":1,"274":6,"275":6,"277":1,"279":2,"281":1,"283":2,"288":1,"289":1,"291":1,"294":1,"302":1,"305":1,"306":1,"309":1,"310":1,"312":1,"313":1,"314":1,"315":1,"316":1,"317":1,"318":1,"320":1,"321":1,"323":1}},"/home/travis/build/npmtest/node-npmtest-gulp-newer/node_modules/gulp-newer/index.js":{"path":"/home/travis/build/npmtest/node-npmtest-gulp-newer/node_modules/gulp-newer/index.js","s":{"1":1,"2":1,"3":1,"4":1,"5":1,"6":1,"7":1,"8":1,"9":1,"10":1,"11":0,"12":0,"13":0,"14":0,"15":0,"16":0,"17":0,"18":0,"19":0,"20":0,"21":0,"22":0,"23":0,"24":0,"25":0,"26":0,"27":0,"28":0,"29":0,"30":0,"31":0,"32":0,"33":0,"34":0,"35":0,"36":0,"37":0,"38":0,"39":0,"40":0,"41":0,"42":0,"43":0,"44":0,"45":0,"46":0,"47":0,"48":0,"49":0,"50":0,"51":0,"52":0,"53":0,"54":0,"55":0,"56":0,"57":1,"58":1,"59":0,"60":0,"61":0,"62":0,"63":0,"64":0,"65":0,"66":0,"67":0,"68":0,"69":0,"70":0,"71":0,"72":0,"73":0,"74":0,"75":0,"76":0,"77":0,"78":0,"79":0,"80":0,"81":0,"82":0,"83":0,"84":0,"85":0,"86":0,"87":0,"88":0,"89":0,"90":0,"91":0,"92":0,"93":1,"94":0,"95":0,"96":1,"97":0},"b":{"1":[0,0],"2":[0,0],"3":[0,0],"4":[0,0],"5":[0,0],"6":[0,0],"7":[0,0],"8":[0,0],"9":[0,0],"10":[0,0],"11":[0,0],"12":[0,0],"13":[0,0],"14":[0,0],"15":[0,0],"16":[0,0],"17":[0,0],"18":[0,0],"19":[0,0],"20":[0,0],"21":[0,0],"22":[0,0,0,0],"23":[0,0],"24":[0,0],"25":[0,0],"26":[0,0],"27":[0,0],"28":[0,0],"29":[0,0],"30":[0,0],"31":[0,0],"32":[0,0],"33":[0,0],"34":[0,0]},"f":{"1":0,"2":0,"3":0,"4":0,"5":0,"6":0,"7":0,"8":0,"9":0,"10":0,"11":0},"fnMap":{"1":{"name":"Newer","line":14,"loc":{"start":{"line":14,"column":0},"end":{"line":14,"column":24}}},"2":{"name":"(anonymous_2)","line":103,"loc":{"start":{"line":103,"column":12},"end":{"line":103,"column":33}}},"3":{"name":"(anonymous_3)","line":116,"loc":{"start":{"line":116,"column":12},"end":{"line":116,"column":36}}},"4":{"name":"(anonymous_4)","line":126,"loc":{"start":{"line":126,"column":12},"end":{"line":126,"column":28}}},"5":{"name":"(anonymous_5)","line":145,"loc":{"start":{"line":145,"column":29},"end":{"line":145,"column":63}}},"6":{"name":"(anonymous_6)","line":152,"loc":{"start":{"line":152,"column":12},"end":{"line":152,"column":44}}},"7":{"name":"(anonymous_7)","line":173,"loc":{"start":{"line":173,"column":12},"end":{"line":173,"column":26}}},"8":{"name":"(anonymous_8)","line":181,"loc":{"start":{"line":181,"column":14},"end":{"line":181,"column":54}}},"9":{"name":"(anonymous_9)","line":197,"loc":{"start":{"line":197,"column":38},"end":{"line":197,"column":53}}},"10":{"name":"(anonymous_10)","line":216,"loc":{"start":{"line":216,"column":25},"end":{"line":216,"column":40}}},"11":{"name":"(anonymous_11)","line":227,"loc":{"start":{"line":227,"column":17},"end":{"line":227,"column":35}}}},"statementMap":{"1":{"start":{"line":1,"column":0},"end":{"line":1,"column":44}},"2":{"start":{"line":2,"column":0},"end":{"line":2,"column":23}},"3":{"start":{"line":3,"column":0},"end":{"line":3,"column":27}},"4":{"start":{"line":4,"column":0},"end":{"line":4,"column":27}},"5":{"start":{"line":5,"column":0},"end":{"line":5,"column":27}},"6":{"start":{"line":7,"column":0},"end":{"line":7,"column":23}},"7":{"start":{"line":8,"column":0},"end":{"line":8,"column":33}},"8":{"start":{"line":10,"column":0},"end":{"line":10,"column":36}},"9":{"start":{"line":12,"column":0},"end":{"line":12,"column":31}},"10":{"start":{"line":14,"column":0},"end":{"line":135,"column":1}},"11":{"start":{"line":15,"column":2},"end":{"line":15,"column":43}},"12":{"start":{"line":17,"column":2},"end":{"line":20,"column":3}},"13":{"start":{"line":18,"column":4},"end":{"line":19,"column":50}},"14":{"start":{"line":22,"column":2},"end":{"line":26,"column":3}},"15":{"start":{"line":23,"column":4},"end":{"line":23,"column":30}},"16":{"start":{"line":24,"column":9},"end":{"line":26,"column":3}},"17":{"start":{"line":25,"column":4},"end":{"line":25,"column":65}},"18":{"start":{"line":28,"column":2},"end":{"line":30,"column":3}},"19":{"start":{"line":29,"column":4},"end":{"line":29,"column":70}},"20":{"start":{"line":32,"column":2},"end":{"line":34,"column":3}},"21":{"start":{"line":33,"column":4},"end":{"line":33,"column":72}},"22":{"start":{"line":36,"column":2},"end":{"line":38,"column":3}},"23":{"start":{"line":37,"column":4},"end":{"line":37,"column":94}},"24":{"start":{"line":40,"column":2},"end":{"line":46,"column":3}},"25":{"start":{"line":41,"column":4},"end":{"line":45,"column":5}},"26":{"start":{"line":42,"column":6},"end":{"line":42,"column":38}},"27":{"start":{"line":43,"column":11},"end":{"line":45,"column":5}},"28":{"start":{"line":44,"column":6},"end":{"line":44,"column":91}},"29":{"start":{"line":52,"column":2},"end":{"line":52,"column":28}},"30":{"start":{"line":58,"column":2},"end":{"line":58,"column":26}},"31":{"start":{"line":64,"column":2},"end":{"line":64,"column":26}},"32":{"start":{"line":70,"column":2},"end":{"line":70,"column":81}},"33":{"start":{"line":79,"column":2},"end":{"line":79,"column":29}},"34":{"start":{"line":87,"column":2},"end":{"line":87,"column":20}},"35":{"start":{"line":95,"column":2},"end":{"line":95,"column":26}},"36":{"start":{"line":97,"column":2},"end":{"line":133,"column":3}},"37":{"start":{"line":98,"column":4},"end":{"line":98,"column":24}},"38":{"start":{"line":99,"column":4},"end":{"line":101,"column":5}},"39":{"start":{"line":100,"column":6},"end":{"line":100,"column":56}},"40":{"start":{"line":102,"column":4},"end":{"line":132,"column":9}},"41":{"start":{"line":105,"column":8},"end":{"line":105,"column":26}},"42":{"start":{"line":106,"column":8},"end":{"line":106,"column":14}},"43":{"start":{"line":107,"column":8},"end":{"line":109,"column":9}},"44":{"start":{"line":108,"column":10},"end":{"line":108,"column":52}},"45":{"start":{"line":110,"column":8},"end":{"line":110,"column":28}},"46":{"start":{"line":111,"column":8},"end":{"line":113,"column":9}},"47":{"start":{"line":112,"column":10},"end":{"line":112,"column":58}},"48":{"start":{"line":114,"column":8},"end":{"line":114,"column":33}},"49":{"start":{"line":118,"column":8},"end":{"line":118,"column":42}},"50":{"start":{"line":119,"column":8},"end":{"line":123,"column":9}},"51":{"start":{"line":120,"column":10},"end":{"line":122,"column":11}},"52":{"start":{"line":121,"column":12},"end":{"line":121,"column":42}},"53":{"start":{"line":124,"column":8},"end":{"line":124,"column":26}},"54":{"start":{"line":127,"column":8},"end":{"line":131,"column":9}},"55":{"start":{"line":128,"column":10},"end":{"line":128,"column":102}},"56":{"start":{"line":130,"column":10},"end":{"line":130,"column":100}},"57":{"start":{"line":136,"column":0},"end":{"line":136,"column":32}},"58":{"start":{"line":145,"column":0},"end":{"line":209,"column":2}},"59":{"start":{"line":146,"column":2},"end":{"line":149,"column":3}},"60":{"start":{"line":147,"column":4},"end":{"line":147,"column":76}},"61":{"start":{"line":148,"column":4},"end":{"line":148,"column":11}},"62":{"start":{"line":150,"column":2},"end":{"line":150,"column":18}},"63":{"start":{"line":151,"column":2},"end":{"line":207,"column":24}},"64":{"start":{"line":153,"column":6},"end":{"line":172,"column":7}},"65":{"start":{"line":155,"column":8},"end":{"line":155,"column":40}},"66":{"start":{"line":156,"column":8},"end":{"line":156,"column":41}},"67":{"start":{"line":157,"column":8},"end":{"line":159,"column":19}},"68":{"start":{"line":160,"column":8},"end":{"line":162,"column":9}},"69":{"start":{"line":161,"column":10},"end":{"line":161,"column":57}},"70":{"start":{"line":163,"column":8},"end":{"line":164,"column":69}},"71":{"start":{"line":165,"column":8},"end":{"line":165,"column":70}},"72":{"start":{"line":168,"column":8},"end":{"line":170,"column":9}},"73":{"start":{"line":169,"column":10},"end":{"line":169,"column":35}},"74":{"start":{"line":171,"column":8},"end":{"line":171,"column":39}},"75":{"start":{"line":174,"column":6},"end":{"line":180,"column":7}},"76":{"start":{"line":176,"column":8},"end":{"line":176,"column":51}},"77":{"start":{"line":179,"column":8},"end":{"line":179,"column":29}},"78":{"start":{"line":182,"column":6},"end":{"line":182,"column":77}},"79":{"start":{"line":185,"column":6},"end":{"line":187,"column":7}},"80":{"start":{"line":186,"column":8},"end":{"line":186,"column":21}},"81":{"start":{"line":188,"column":6},"end":{"line":205,"column":7}},"82":{"start":{"line":189,"column":8},"end":{"line":189,"column":27}},"83":{"start":{"line":190,"column":13},"end":{"line":205,"column":7}},"84":{"start":{"line":191,"column":8},"end":{"line":193,"column":9}},"85":{"start":{"line":192,"column":10},"end":{"line":192,"column":44}},"86":{"start":{"line":195,"column":8},"end":{"line":203,"column":9}},"87":{"start":{"line":197,"column":10},"end":{"line":199,"column":13}},"88":{"start":{"line":198,"column":12},"end":{"line":198,"column":28}},"89":{"start":{"line":200,"column":10},"end":{"line":200,"column":41}},"90":{"start":{"line":202,"column":10},"end":{"line":202,"column":27}},"91":{"start":{"line":204,"column":8},"end":{"line":204,"column":27}},"92":{"start":{"line":206,"column":6},"end":{"line":206,"column":13}},"93":{"start":{"line":216,"column":0},"end":{"line":219,"column":2}},"94":{"start":{"line":217,"column":2},"end":{"line":217,"column":29}},"95":{"start":{"line":218,"column":2},"end":{"line":218,"column":9}},"96":{"start":{"line":227,"column":0},"end":{"line":229,"column":2}},"97":{"start":{"line":228,"column":2},"end":{"line":228,"column":28}}},"branchMap":{"1":{"line":17,"type":"if","locations":[{"start":{"line":17,"column":2},"end":{"line":17,"column":2}},{"start":{"line":17,"column":2},"end":{"line":17,"column":2}}]},"2":{"line":22,"type":"if","locations":[{"start":{"line":22,"column":2},"end":{"line":22,"column":2}},{"start":{"line":22,"column":2},"end":{"line":22,"column":2}}]},"3":{"line":24,"type":"if","locations":[{"start":{"line":24,"column":9},"end":{"line":24,"column":9}},{"start":{"line":24,"column":9},"end":{"line":24,"column":9}}]},"4":{"line":24,"type":"binary-expr","locations":[{"start":{"line":24,"column":13},"end":{"line":24,"column":25}},{"start":{"line":24,"column":29},"end":{"line":24,"column":61}}]},"5":{"line":28,"type":"if","locations":[{"start":{"line":28,"column":2},"end":{"line":28,"column":2}},{"start":{"line":28,"column":2},"end":{"line":28,"column":2}}]},"6":{"line":28,"type":"binary-expr","locations":[{"start":{"line":28,"column":6},"end":{"line":28,"column":17}},{"start":{"line":28,"column":21},"end":{"line":28,"column":52}}]},"7":{"line":32,"type":"if","locations":[{"start":{"line":32,"column":2},"end":{"line":32,"column":2}},{"start":{"line":32,"column":2},"end":{"line":32,"column":2}}]},"8":{"line":32,"type":"binary-expr","locations":[{"start":{"line":32,"column":6},"end":{"line":32,"column":17}},{"start":{"line":32,"column":21},"end":{"line":32,"column":54}}]},"9":{"line":36,"type":"if","locations":[{"start":{"line":36,"column":2},"end":{"line":36,"column":2}},{"start":{"line":36,"column":2},"end":{"line":36,"column":2}}]},"10":{"line":36,"type":"binary-expr","locations":[{"start":{"line":36,"column":6},"end":{"line":36,"column":19}},{"start":{"line":36,"column":23},"end":{"line":36,"column":35}}]},"11":{"line":40,"type":"if","locations":[{"start":{"line":40,"column":2},"end":{"line":40,"column":2}},{"start":{"line":40,"column":2},"end":{"line":40,"column":2}}]},"12":{"line":41,"type":"if","locations":[{"start":{"line":41,"column":4},"end":{"line":41,"column":4}},{"start":{"line":41,"column":4},"end":{"line":41,"column":4}}]},"13":{"line":43,"type":"if","locations":[{"start":{"line":43,"column":11},"end":{"line":43,"column":11}},{"start":{"line":43,"column":11},"end":{"line":43,"column":11}}]},"14":{"line":70,"type":"cond-expr","locations":[{"start":{"line":70,"column":33},"end":{"line":70,"column":62}},{"start":{"line":70,"column":65},"end":{"line":70,"column":80}}]},"15":{"line":97,"type":"if","locations":[{"start":{"line":97,"column":2},"end":{"line":97,"column":2}},{"start":{"line":97,"column":2},"end":{"line":97,"column":2}}]},"16":{"line":120,"type":"if","locations":[{"start":{"line":120,"column":10},"end":{"line":120,"column":10}},{"start":{"line":120,"column":10},"end":{"line":120,"column":10}}]},"17":{"line":127,"type":"if","locations":[{"start":{"line":127,"column":8},"end":{"line":127,"column":8}},{"start":{"line":127,"column":8},"end":{"line":127,"column":8}}]},"18":{"line":127,"type":"binary-expr","locations":[{"start":{"line":127,"column":12},"end":{"line":127,"column":17}},{"start":{"line":127,"column":21},"end":{"line":127,"column":31}}]},"19":{"line":146,"type":"if","locations":[{"start":{"line":146,"column":2},"end":{"line":146,"column":2}},{"start":{"line":146,"column":2},"end":{"line":146,"column":2}}]},"20":{"line":146,"type":"binary-expr","locations":[{"start":{"line":146,"column":6},"end":{"line":146,"column":14}},{"start":{"line":146,"column":18},"end":{"line":146,"column":31}}]},"21":{"line":153,"type":"if","locations":[{"start":{"line":153,"column":6},"end":{"line":153,"column":6}},{"start":{"line":153,"column":6},"end":{"line":153,"column":6}}]},"22":{"line":153,"type":"binary-expr","locations":[{"start":{"line":153,"column":11},"end":{"line":153,"column":20}},{"start":{"line":153,"column":24},"end":{"line":153,"column":47}},{"start":{"line":153,"column":52},"end":{"line":153,"column":61}},{"start":{"line":153,"column":65},"end":{"line":153,"column":74}}]},"23":{"line":157,"type":"cond-expr","locations":[{"start":{"line":158,"column":10},"end":{"line":158,"column":70}},{"start":{"line":159,"column":10},"end":{"line":159,"column":18}}]},"24":{"line":160,"type":"if","locations":[{"start":{"line":160,"column":8},"end":{"line":160,"column":8}},{"start":{"line":160,"column":8},"end":{"line":160,"column":8}}]},"25":{"line":163,"type":"cond-expr","locations":[{"start":{"line":164,"column":10},"end":{"line":164,"column":49}},{"start":{"line":164,"column":52},"end":{"line":164,"column":68}}]},"26":{"line":168,"type":"if","locations":[{"start":{"line":168,"column":8},"end":{"line":168,"column":8}},{"start":{"line":168,"column":8},"end":{"line":168,"column":8}}]},"27":{"line":174,"type":"if","locations":[{"start":{"line":174,"column":6},"end":{"line":174,"column":6}},{"start":{"line":174,"column":6},"end":{"line":174,"column":6}}]},"28":{"line":182,"type":"binary-expr","locations":[{"start":{"line":182,"column":18},"end":{"line":182,"column":32}},{"start":{"line":182,"column":36},"end":{"line":182,"column":76}}]},"29":{"line":185,"type":"if","locations":[{"start":{"line":185,"column":6},"end":{"line":185,"column":6}},{"start":{"line":185,"column":6},"end":{"line":185,"column":6}}]},"30":{"line":185,"type":"binary-expr","locations":[{"start":{"line":185,"column":10},"end":{"line":185,"column":24}},{"start":{"line":185,"column":28},"end":{"line":185,"column":70}}]},"31":{"line":188,"type":"if","locations":[{"start":{"line":188,"column":6},"end":{"line":188,"column":6}},{"start":{"line":188,"column":6},"end":{"line":188,"column":6}}]},"32":{"line":190,"type":"if","locations":[{"start":{"line":190,"column":13},"end":{"line":190,"column":13}},{"start":{"line":190,"column":13},"end":{"line":190,"column":13}}]},"33":{"line":191,"type":"if","locations":[{"start":{"line":191,"column":8},"end":{"line":191,"column":8}},{"start":{"line":191,"column":8},"end":{"line":191,"column":8}}]},"34":{"line":195,"type":"if","locations":[{"start":{"line":195,"column":8},"end":{"line":195,"column":8}},{"start":{"line":195,"column":8},"end":{"line":195,"column":8}}]}},"code":["var Transform = require('stream').Transform;","var fs = require('fs');","var path = require('path');","var util = require('util');","var glob = require('glob');","","var Q = require('kew');","var gutil = require('gulp-util');","","var PluginError = gutil.PluginError;","","var PLUGIN_NAME = 'gulp-newer';","","function Newer(options) {","  Transform.call(this, {objectMode: true});","","  if (!options) {","    throw new PluginError(PLUGIN_NAME,","      'Requires a dest string or options object');","  }","","  if (typeof options === 'string') {","    options = {dest: options};","  } else if (options.dest && typeof options.dest !== 'string') {","    throw new PluginError(PLUGIN_NAME, 'Requires a dest string');","  }","","  if (options.ext && typeof options.ext !== 'string') {","    throw new PluginError(PLUGIN_NAME, 'Requires ext to be a string');","  }","","  if (options.map && typeof options.map !== 'function') {","    throw new PluginError(PLUGIN_NAME, 'Requires map to be a function');","  }","","  if (!options.dest && !options.map) {","    throw new PluginError(PLUGIN_NAME, 'Requires either options.dest or options.map or both');","  }","","  if (options.extra) {","    if (typeof options.extra === 'string') {","      options.extra = [options.extra];","    } else if (!Array.isArray(options.extra)) {","      throw new PluginError(PLUGIN_NAME, 'Requires options.extra to be a string or array');","    }","  }","","  /**","   * Path to destination directory or file.","   * @type {string}","   */","  this._dest = options.dest;","","  /**","   * Optional extension for destination files.","   * @type {string}","   */","  this._ext = options.ext;","","  /**","   * Optional function for mapping relative source files to destination files.","   * @type {function(string): string}","   */","  this._map = options.map;","","  /**","   * Promise for the dest file/directory stats.","   * @type {[type]}","   */","  this._destStats = this._dest ? Q.nfcall(fs.stat, this._dest) : Q.resolve(null);","","  /**","   * If the provided dest is a file, we want to pass through all files if any","   * one of the source files is newer than the dest.  To support this, source","   * files need to be buffered until a newer file is found.  When a newer file","   * is found, buffered source files are flushed (and the `_all` flag is set).","   * @type {[type]}","   */","  this._bufferedFiles = null;","","  /**","   * Indicates that all files should be passed through.  This is set when the","   * provided dest is a file and we have already encountered a newer source","   * file.  When true, all remaining source files should be passed through.","   * @type {boolean}","   */","  this._all = false;","","  /**","   * Indicates that there are extra files (configuration files, etc.)","   * that are not to be fed into the stream, but that should force","   * all files to be rebuilt if *any* are older than one of the extra","   * files.","   */","  this._extraStats = null;","","  if (options.extra) {","    var extraFiles = [];","    for (var i = 0; i < options.extra.length; ++i) {","      extraFiles.push(Q.nfcall(glob, options.extra[i]));","    }","    this._extraStats = Q.all(extraFiles)","      .then(function(fileArrays) {","        // First collect all the files in all the glob result arrays","        var allFiles = [];","        var i;","        for (i = 0; i < fileArrays.length; ++i) {","          allFiles = allFiles.concat(fileArrays[i]);","        }","        var extraStats = [];","        for (i = 0; i < allFiles.length; ++i) {","          extraStats.push(Q.nfcall(fs.stat, allFiles[i]));","        }","        return Q.all(extraStats);","      })","      .then(function(resolvedStats) {","        // We get all the file stats here; find the *latest* modification.","        var latestStat = resolvedStats[0];","        for (var j = 1; j < resolvedStats.length; ++j) {","          if (resolvedStats[j].mtime > latestStat.mtime) {","            latestStat = resolvedStats[j];","          }","        }","        return latestStat;","      })","      .fail(function(error) {","        if (error && error.path) {","          throw new PluginError(PLUGIN_NAME, 'Failed to read stats for an extra file: ' + error.path);","        } else {","          throw new PluginError(PLUGIN_NAME, 'Failed to stat extra files; unknown error: ' + error);","        }","      });","  }","","}","util.inherits(Newer, Transform);","","","/**"," * Pass through newer files only."," * @param {File} srcFile A vinyl file."," * @param {string} encoding Encoding (ignored)."," * @param {function(Error, File)} done Callback."," */","Newer.prototype._transform = function(srcFile, encoding, done) {","  if (!srcFile || !srcFile.stat) {","    done(new PluginError(PLUGIN_NAME, 'Expected a source file with stats'));","    return;","  }","  var self = this;","  Q.resolve([this._destStats, this._extraStats])","    .spread(function(destStats, extraStats) {","      if ((destStats && destStats.isDirectory()) || self._ext || self._map) {","        // stat dest/relative file","        var relative = srcFile.relative;","        var ext = path.extname(relative);","        var destFileRelative = self._ext ?","          relative.substr(0, relative.length - ext.length) + self._ext :","          relative;","        if (self._map) {","          destFileRelative = self._map(destFileRelative);","        }","        var destFileJoined = self._dest ?","          path.join(self._dest, destFileRelative) : destFileRelative;","        return Q.all([Q.nfcall(fs.stat, destFileJoined), extraStats]);","      } else {","        // wait to see if any are newer, then pass through all","        if (!self._bufferedFiles) {","          self._bufferedFiles = [];","        }","        return [destStats, extraStats];","      }","    }).fail(function(err) {","      if (err.code === 'ENOENT') {","        // dest file or directory doesn't exist, pass through all","        return Q.resolve([null, this._extraStats]);","      } else {","        // unexpected error","        return Q.reject(err);","      }","    }).spread(function(destFileStats, extraFileStats) {","      var newer = !destFileStats || srcFile.stat.mtime > destFileStats.mtime;","      // If *any* extra file is newer than a destination file, then ALL","      // are newer.","      if (extraFileStats && extraFileStats.mtime > destFileStats.mtime) {","        newer = true;","      }","      if (self._all) {","        self.push(srcFile);","      } else if (!newer) {","        if (self._bufferedFiles) {","          self._bufferedFiles.push(srcFile);","        }","      } else {","        if (self._bufferedFiles) {","          // flush buffer","          self._bufferedFiles.forEach(function(file) {","            self.push(file);","          });","          self._bufferedFiles.length = 0;","          // pass through all remaining files as well","          self._all = true;","        }","        self.push(srcFile);","      }","      done();","    }).fail(done).end();","","};","","","/**"," * Remove references to buffered files."," * @param {function(Error)} done Callback."," */","Newer.prototype._flush = function(done) {","  this._bufferedFiles = null;","  done();","};","","","/**"," * Only pass through source files that are newer than the provided destination."," * @param {Object} options An options object or path to destination."," * @return {Newer} A transform stream."," */","module.exports = function(options) {","  return new Newer(options);","};",""],"l":{"1":1,"2":1,"3":1,"4":1,"5":1,"7":1,"8":1,"10":1,"12":1,"14":1,"15":0,"17":0,"18":0,"22":0,"23":0,"24":0,"25":0,"28":0,"29":0,"32":0,"33":0,"36":0,"37":0,"40":0,"41":0,"42":0,"43":0,"44":0,"52":0,"58":0,"64":0,"70":0,"79":0,"87":0,"95":0,"97":0,"98":0,"99":0,"100":0,"102":0,"105":0,"106":0,"107":0,"108":0,"110":0,"111":0,"112":0,"114":0,"118":0,"119":0,"120":0,"121":0,"124":0,"127":0,"128":0,"130":0,"136":1,"145":1,"146":0,"147":0,"148":0,"150":0,"151":0,"153":0,"155":0,"156":0,"157":0,"160":0,"161":0,"163":0,"165":0,"168":0,"169":0,"171":0,"174":0,"176":0,"179":0,"182":0,"185":0,"186":0,"188":0,"189":0,"190":0,"191":0,"192":0,"195":0,"197":0,"198":0,"200":0,"202":0,"204":0,"206":0,"216":1,"217":0,"218":0,"227":1,"228":0}},"/home/travis/build/npmtest/node-npmtest-gulp-newer/node_modules/gulp-newer/spec.js":{"path":"/home/travis/build/npmtest/node-npmtest-gulp-newer/node_modules/gulp-newer/spec.js","s":{"1":2,"2":2,"3":2,"4":2,"5":0,"6":0,"7":0,"8":0,"9":0,"10":0,"11":1,"12":0,"13":0,"14":0,"15":0,"16":0,"17":0,"18":0,"19":0,"20":0,"21":0,"22":0,"23":0,"24":0,"25":0,"26":0,"27":0,"28":0,"29":0,"30":0,"31":0,"32":0,"33":0,"34":0,"35":0,"36":0,"37":0,"38":0,"39":0,"40":0,"41":0,"42":0,"43":0,"44":0,"45":0,"46":0,"47":0,"48":0,"49":0,"50":0,"51":0,"52":0,"53":0,"54":0,"55":0,"56":0,"57":0,"58":0,"59":0,"60":0,"61":0,"62":0,"63":0,"64":0,"65":0,"66":0,"67":0,"68":0,"69":0,"70":0,"71":0,"72":0,"73":0,"74":0,"75":0,"76":0,"77":0,"78":0,"79":0,"80":0,"81":0,"82":0,"83":0,"84":0,"85":0,"86":0,"87":0,"88":0,"89":0,"90":0,"91":0,"92":0,"93":0,"94":0,"95":0,"96":0,"97":0,"98":0,"99":0,"100":0,"101":0,"102":0,"103":0,"104":0,"105":0,"106":0,"107":0,"108":0,"109":0,"110":0,"111":0,"112":0,"113":0,"114":0,"115":0,"116":0,"117":0,"118":0,"119":0,"120":0,"121":0,"122":0,"123":0,"124":0,"125":0,"126":0,"127":0,"128":0,"129":0,"130":0,"131":0,"132":0,"133":0,"134":0,"135":0,"136":0,"137":0,"138":0,"139":0,"140":0,"141":0,"142":0,"143":0,"144":0,"145":0,"146":0,"147":0,"148":0,"149":0,"150":0,"151":0,"152":0,"153":0,"154":0,"155":0,"156":0,"157":0,"158":0,"159":0,"160":0,"161":0,"162":0,"163":0,"164":0,"165":0,"166":0,"167":0,"168":0,"169":0,"170":0,"171":0,"172":0,"173":0,"174":0,"175":0,"176":0,"177":0,"178":0,"179":0,"180":0,"181":0,"182":0,"183":0,"184":0,"185":0,"186":0,"187":0,"188":0,"189":0,"190":0,"191":0,"192":0,"193":0,"194":0,"195":0,"196":0,"197":0,"198":0,"199":0,"200":0,"201":0,"202":0,"203":0,"204":0,"205":0,"206":0,"207":0,"208":0,"209":0,"210":0,"211":0,"212":0,"213":0,"214":0,"215":0,"216":0,"217":0,"218":0,"219":0,"220":0,"221":0,"222":0,"223":0,"224":0,"225":0,"226":0,"227":0,"228":0,"229":0,"230":0,"231":0,"232":0,"233":0,"234":0,"235":0,"236":0,"237":0,"238":0,"239":0,"240":0,"241":0,"242":0,"243":0,"244":0,"245":0,"246":0,"247":0,"248":0,"249":0,"250":0,"251":0,"252":0,"253":0,"254":0,"255":0,"256":0,"257":0,"258":0,"259":0,"260":0,"261":0,"262":0,"263":0,"264":0,"265":0,"266":0,"267":0,"268":0,"269":0,"270":0,"271":0,"272":0,"273":0,"274":0,"275":0,"276":0,"277":0,"278":0,"279":0,"280":0,"281":0,"282":0,"283":0,"284":0,"285":0,"286":0,"287":0,"288":0,"289":0,"290":0,"291":0,"292":0},"b":{},"f":{"1":0,"2":0,"3":0,"4":0,"5":0,"6":0,"7":0,"8":0,"9":0,"10":0,"11":0,"12":0,"13":0,"14":0,"15":0,"16":0,"17":0,"18":0,"19":0,"20":0,"21":0,"22":0,"23":0,"24":0,"25":0,"26":0,"27":0,"28":0,"29":0,"30":0,"31":0,"32":0,"33":0,"34":0,"35":0,"36":0,"37":0,"38":0,"39":0,"40":0,"41":0,"42":0,"43":0,"44":0,"45":0,"46":0,"47":0,"48":0,"49":0,"50":0,"51":0,"52":0,"53":0,"54":0,"55":0,"56":0,"57":0,"58":0,"59":0,"60":0,"61":0,"62":0,"63":0,"64":0,"65":0,"66":0,"67":0,"68":0,"69":0,"70":0,"71":0,"72":0,"73":0,"74":0,"75":0,"76":0,"77":0,"78":0,"79":0,"80":0,"81":0,"82":0,"83":0,"84":0,"85":0,"86":0,"87":0,"88":0,"89":0,"90":0,"91":0,"92":0,"93":0,"94":0,"95":0,"96":0,"97":0,"98":0,"99":0,"100":0,"101":0,"102":0},"fnMap":{"1":{"name":"write","line":24,"loc":{"start":{"line":24,"column":0},"end":{"line":24,"column":30}}},"2":{"name":"(anonymous_2)","line":25,"loc":{"start":{"line":25,"column":16},"end":{"line":25,"column":35}}},"3":{"name":"(anonymous_3)","line":35,"loc":{"start":{"line":35,"column":20},"end":{"line":35,"column":31}}},"4":{"name":"(anonymous_4)","line":37,"loc":{"start":{"line":37,"column":35},"end":{"line":37,"column":46}}},"5":{"name":"(anonymous_5)","line":42,"loc":{"start":{"line":42,"column":67},"end":{"line":42,"column":78}}},"6":{"name":"(anonymous_6)","line":44,"loc":{"start":{"line":44,"column":18},"end":{"line":44,"column":29}}},"7":{"name":"(anonymous_7)","line":48,"loc":{"start":{"line":48,"column":18},"end":{"line":48,"column":29}}},"8":{"name":"(anonymous_8)","line":52,"loc":{"start":{"line":52,"column":18},"end":{"line":52,"column":29}}},"9":{"name":"(anonymous_9)","line":57,"loc":{"start":{"line":57,"column":25},"end":{"line":57,"column":36}}},"10":{"name":"(anonymous_10)","line":59,"loc":{"start":{"line":59,"column":27},"end":{"line":59,"column":38}}},"11":{"name":"(anonymous_11)","line":61,"loc":{"start":{"line":61,"column":20},"end":{"line":61,"column":31}}},"12":{"name":"(anonymous_12)","line":65,"loc":{"start":{"line":65,"column":20},"end":{"line":65,"column":31}}},"13":{"name":"(anonymous_13)","line":71,"loc":{"start":{"line":71,"column":25},"end":{"line":71,"column":36}}},"14":{"name":"(anonymous_14)","line":73,"loc":{"start":{"line":73,"column":29},"end":{"line":73,"column":40}}},"15":{"name":"(anonymous_15)","line":74,"loc":{"start":{"line":74,"column":20},"end":{"line":74,"column":31}}},"16":{"name":"(anonymous_16)","line":78,"loc":{"start":{"line":78,"column":20},"end":{"line":78,"column":31}}},"17":{"name":"(anonymous_17)","line":83,"loc":{"start":{"line":83,"column":41},"end":{"line":83,"column":52}}},"18":{"name":"(anonymous_18)","line":84,"loc":{"start":{"line":84,"column":26},"end":{"line":84,"column":37}}},"19":{"name":"(anonymous_19)","line":85,"loc":{"start":{"line":85,"column":20},"end":{"line":85,"column":31}}},"20":{"name":"(anonymous_20)","line":91,"loc":{"start":{"line":91,"column":27},"end":{"line":91,"column":38}}},"21":{"name":"(anonymous_21)","line":93,"loc":{"start":{"line":93,"column":15},"end":{"line":93,"column":26}}},"22":{"name":"(anonymous_22)","line":111,"loc":{"start":{"line":111,"column":39},"end":{"line":111,"column":50}}},"23":{"name":"(anonymous_23)","line":112,"loc":{"start":{"line":112,"column":20},"end":{"line":112,"column":31}}},"24":{"name":"(anonymous_24)","line":116,"loc":{"start":{"line":116,"column":20},"end":{"line":116,"column":31}}},"25":{"name":"(anonymous_25)","line":117,"loc":{"start":{"line":117,"column":35},"end":{"line":117,"column":46}}},"26":{"name":"(anonymous_26)","line":120,"loc":{"start":{"line":120,"column":26},"end":{"line":120,"column":37}}},"27":{"name":"(anonymous_27)","line":124,"loc":{"start":{"line":124,"column":26},"end":{"line":124,"column":37}}},"28":{"name":"(anonymous_28)","line":129,"loc":{"start":{"line":129,"column":41},"end":{"line":129,"column":56}}},"29":{"name":"(anonymous_29)","line":134,"loc":{"start":{"line":134,"column":24},"end":{"line":134,"column":39}}},"30":{"name":"(anonymous_30)","line":143,"loc":{"start":{"line":143,"column":69},"end":{"line":143,"column":84}}},"31":{"name":"(anonymous_31)","line":149,"loc":{"start":{"line":149,"column":24},"end":{"line":149,"column":39}}},"32":{"name":"(anonymous_32)","line":156,"loc":{"start":{"line":156,"column":23},"end":{"line":156,"column":34}}},"33":{"name":"(anonymous_33)","line":166,"loc":{"start":{"line":166,"column":43},"end":{"line":166,"column":54}}},"34":{"name":"(anonymous_34)","line":168,"loc":{"start":{"line":168,"column":15},"end":{"line":168,"column":26}}},"35":{"name":"(anonymous_35)","line":177,"loc":{"start":{"line":177,"column":35},"end":{"line":177,"column":50}}},"36":{"name":"(anonymous_36)","line":183,"loc":{"start":{"line":183,"column":24},"end":{"line":183,"column":39}}},"37":{"name":"(anonymous_37)","line":190,"loc":{"start":{"line":190,"column":23
[...]
stream.end();","}","","describe('newer()', function() {","","  it('creates a transform stream', function() {","    var stream = newer('foo');","    assert.instanceOf(stream, Transform);","  });","","  it('requires a string dest or an object with the dest property', function() {","","    assert.throws(function() {","      newer();","    });","","    assert.throws(function() {","      newer(123);","    });","","    assert.throws(function() {","      newer({});","    });","  });","","  describe('config.ext', function() {","","    it('must be a string', function() {","","      assert.throws(function() {","        newer({dest: 'foo', ext: 1});","      });","","      assert.throws(function() {","        newer({dest: 'foo', ext: {}});","      });","    });","  });","","  describe('config.map', function() {","","    it('must be a function', function() {","      assert.throws(function() {","        newer({dest: 'foo', map: 1});","      });","","      assert.throws(function() {","        newer({dest: 'foo', map: 'bar'});","      });","    });","","    it('makes the dest config optional', function() {","      assert.doesNotThrow(function() {","        newer({map: function() {}});","      });","    });","","  });","","  describe('config.extra', function() {","","    beforeEach(function() {","      mock({","        main: mock.file({","          content: 'main content',","          mtime: new Date(1)","        }),","        imported: mock.file({","          content: '2: other content, used by main',","          mtime: new Date(3)","        }),","        collected: mock.file({","          content: 'main content\\n1: other content, used by main',","          mtime: new Date(2)","        })","      });","    });","    afterEach(mock.restore);","","    it('must be a string or an array', function() {","      assert.throws(function() {","        newer({dest: 'foo', extra: 1});","      });","","      assert.throws(function() {","        newer({dest: 'foo', extra: function() {}});","      });","","      assert.doesNotThrow(function() {","        newer({dest: 'foo', extra: 'extra1'});","      });","","      assert.doesNotThrow(function() {","        newer({dest: 'foo', extra: ['extra1', 'extra2']});","      });","    });","","    it('must not be passed into stream', function(done) {","      var stream = newer({dest: 'collected', extra: 'imported'});","","      var paths = ['main'];","","      stream.on('data', function(file) {","        assert.notEqual(file.path, path.resolve('imported'));","      });","      stream.on('error', done);","      stream.on('end', done);","","      write(stream, paths);","    });","","    it('must let other files through stream if an \"extra\" is newer', function(done) {","      var stream = newer({dest: 'collected', extra: 'imported'});","","      var paths = ['main'];","","      var calls = 0;","      stream.on('data', function(file) {","        assert.equal(file.path, path.resolve(paths[calls]));","        ++calls;","      });","","      stream.on('error', done);","","      stream.on('end', function() {","        assert.equal(calls, paths.length);","        done();","      });","","      write(stream, paths);","    });","","  });","","  describe('dest dir that does not exist', function() {","","    beforeEach(function() {","      mock({","        source1: 'source1 content',","        source2: 'source2 content',","        source3: 'source3 content'","      });","    });","    afterEach(mock.restore);","","    it('passes through all files', function(done) {","      var stream = newer('new/dir');","","      var paths = ['source1', 'source2', 'source3'];","","      var calls = 0;","      stream.on('data', function(file) {","        assert.equal(file.path, path.resolve(paths[calls]));","        ++calls;","      });","","      stream.on('error', done);","","      stream.on('end', function() {","        assert.equal(calls, paths.length);","        done();","      });","","      write(stream, paths);","    });","","  });","","  describe('dest file that does not exist', function() {","","    beforeEach(function() {","      mock({","        file1: 'file1 content',","        file2: 'file2 content',","        file3: 'file3 content',","        dest: {}","      });","    });","    afterEach(mock.restore);","","    it('passes through all files', function(done) {","      var stream = newer('dest/concat');","","      var paths = ['file1', 'file2', 'file3'];","","      var calls = 0;","      stream.on('data', function(file) {","        assert.equal(file.path, path.resolve(paths[calls]));","        ++calls;","      });","","      stream.on('error', done);","","      stream.on('end', function() {","        assert.equal(calls, paths.length);","        done();","      });","","      write(stream, paths);","    });","","  });","","  describe('empty dest dir', function() {","","    beforeEach(function() {","      mock({","        source1: 'source1 content',","        source2: 'source2 content',","        source3: 'source3 content',","        dest: {}","      });","    });","    afterEach(mock.restore);","","    it('passes through all files', function(done) {","      var stream = newer('dest');","","      var paths = ['source1', 'source2', 'source3'];","","      var calls = 0;","      stream.on('data', function(file) {","        assert.equal(file.path, path.resolve(paths[calls]));","        ++calls;","      });","","      stream.on('error', done);","","      stream.on('end', function() {","        assert.equal(calls, paths.length);","        done();","      });","","      write(stream, paths);","    });","","  });","","  describe('dest dir with one older file', function() {","","    beforeEach(function() {","      mock({","        file1: 'file1 content',","        file2: 'file2 content',","        file3: 'file3 content',","        dest: {","          file2: mock.file({","            content: 'file2 content',","            mtime: new Date(1)","          })","        }","      });","    });","    afterEach(mock.restore);","","    it('passes through all files', function(done) {","      var stream = newer('dest');","","      var paths = ['file1', 'file2', 'file3'];","","      var calls = 0;","      stream.on('data', function(file) {","        assert.equal(file.path, path.resolve(paths[calls]));","        ++calls;","      });","","      stream.on('error', done);","","      stream.on('end', function() {","        assert.equal(calls, paths.length);","        done();","      });","","      write(stream, paths);","    });","","  });","","  describe('dest dir with one newer file', function() {","","    beforeEach(function() {","      mock({","        file1: mock.file({","          content: 'file1 content',","          mtime: new Date(100)","        }),","        file2: mock.file({","          content: 'file2 content',","          mtime: new Date(100)","        }),","        file3: mock.file({","          content: 'file3 content',","          mtime: new Date(100)","        }),","        dest: {","          file2: mock.file({","            content: 'file2 content',","            mtime: new Date(200)","          })","        }","      });","    });","    afterEach(mock.restore);","","    it('passes through two newer files', function(done) {","      var stream = newer('dest');","","      var paths = ['file1', 'file2', 'file3'];","","      var calls = 0;","      stream.on('data', function(file) {","        assert.notEqual(file.path, path.resolve('file2'));","        ++calls;","      });","","      stream.on('error', done);","","      stream.on('end', function() {","        assert.equal(calls, paths.length - 1);","        done();","      });","","      write(stream, paths);","    });","","  });","","  describe('dest dir with two newer and one older file', function() {","","    beforeEach(function() {","      mock({","        file1: mock.file({","          content: 'file1 content',","          mtime: new Date(100)","        }),","        file2: mock.file({","          content: 'file2 content',","          mtime: new Date(100)","        }),","        file3: mock.file({","          content: 'file3 content',","          mtime: new Date(100)","        }),","        dest: {","          file1: mock.file({","            content: 'file1 content',","            mtime: new Date(150)","          }),","          file2: mock.file({","            content: 'file2 content',","            mtime: new Date(50)","          }),","          file3: mock.file({","            content: 'file3 content',","            mtime: new Date(150)","          })","        }","      });","    });","    afterEach(mock.restore);","","    it('passes through one newer file', function(done) {","      var stream = newer('dest');","","      var paths = ['file1', 'file2', 'file3'];","","      var calls = 0;","      stream.on('data', function(file) {","        assert.equal(file.path, path.resolve('file2'));","        ++calls;","      });","","      stream.on('error', done);","","      stream.on('end', function() {","        assert.equal(calls, 1);","        done();","      });","","      write(stream, paths);","    });","","  });","","  describe('dest file with first source file newer', function() {","","    beforeEach(function() {","      mock({","        file1: mock.file({","          content: 'file1 content',","          mtime: new Date(200)","        }),","        file2: mock.file({","          content: 'file2 content',","          mtime: new Date(100)","        }),","        file3: mock.file({","          content: 'file3 content',","          mtime: new Date(100)","        }),","        dest: {","          output: mock.file({","            content: 'file2 content',","            mtime: new Date(150)","          })","        }","      });","    });","    afterEach(mock.restore);","","    it('passes through all source files', function(done) {","      var stream = newer('dest/output');","","      var paths = ['file1', 'file2', 'file3'];","","      var calls = 0;","      stream.on('data', function(file) {","        assert.equal(file.path, path.resolve(paths[calls]));","        ++calls;","      });","","      stream.on('error', done);","","      stream.on('end', function() {","        assert.equal(calls, paths.length);","        done();","      });","","      write(stream, paths);","    });","","  });","","  describe('dest file with second source file newer', function() {","","    beforeEach(function() {","      mock({","        file1: mock.file({","          content: 'file1 content',","          mtime: new Date(100)","        }),","        file2: mock.file({","          content: 'file2 content',","          mtime: new Date(200)","        }),","        file3: mock.file({","          content: 'file3 content',","          mtime: new Date(100)","        }),","        dest: {","          output: mock.file({","            content: 'file2 content',","            mtime: new Date(150)","          })","        }","      });","    });","    afterEach(mock.restore);","","    it('passes through all source files', function(done) {","      var stream = newer('dest/output');","","      var paths = ['file1', 'file2', 'file3'];","","      var calls = 0;","      stream.on('data', function(file) {","        assert.equal(file.path, path.resolve(paths[calls]));","        ++calls;","      });","","      stream.on('error', done);","","      stream.on('end', function() {","        assert.equal(calls, paths.length);","        done();","      });","","      write(stream, paths);","    });","","  });","","  describe('dest file with last source file newer', function() {","","    beforeEach(function() {","      mock({","        file1: mock.file({","          content: 'file1 content',","          mtime: new Date(100)","        }),","        file2: mock.file({","          content: 'file2 content',","          mtime: new Date(100)","        }),","        file3: mock.file({","          content: 'file3 content',","          mtime: new Date(200)","        }),","        dest: {","          output: mock.file({","            content: 'file2 content',","            mtime: new Date(150)","          })","        }","      });","    });","    afterEach(mock.restore);","","    it('passes through all source files', function(done) {","      var stream = newer('dest/output');","","      var paths = ['file1', 'file2', 'file3'];","","      var calls = 0;","      stream.on('data', function(file) {","        assert.equal(file.path, path.resolve(paths[calls]));","        ++calls;","      });","","      stream.on('error', done);","","      stream.on('end', function() {","        assert.equal(calls, paths.length);","        done();","      });","","      write(stream, paths);","    });","","  });","","  describe('dest file with no newer source files', function() {","","    beforeEach(function() {","      mock({","        file1: mock.file({","          content: 'file1 content',","          mtime: new Date(100)","        }),","        file2: mock.file({","          content: 'file2 content',","          mtime: new Date(100)","        }),","        file3: mock.file({","          content: 'file3 content',","          mtime: new Date(100)","        }),","        dest: {","          output: mock.file({","            content: 'file2 content',","            mtime: new Date(150)","          })","        }","      });","    });","    afterEach(mock.restore);","","    it('passes through no source files', function(done) {","      var stream = newer('dest/output');","","      var paths = ['file1', 'file2', 'file3'];","","      var calls = 0;","      stream.on('data', function() {","        done(new Error('Expected no source files'));","        ++calls;","      });","","      stream.on('error', done);","","      stream.on('end', function() {","        assert.equal(calls, 0);","        done();","      });","","      write(stream, paths);","    });","","  });","","  describe('dest file ext and two files', function() {","","    beforeEach(function() {","      mock({","        'file1.ext1': mock.file({","          content: 'file1 content',","          mtime: new Date(100)","        }),","        'file2.ext1': mock.file({","          content: 'file2 content',","          mtime: new Date(100)","        }),","        dest: {","          'file1.ext2': mock.file({","            content: 'file1 content',","            mtime: new Date(100)","          }),","          'file2.ext2': mock.file({","            content: 'file2 content',","            mtime: new Date(50)","          })","        }","      });","    });","    afterEach(mock.restore);","","    it('passes through one newer file', function(done) {","      var stream = newer({dest: 'dest', ext: '.ext2'});","","      var paths = ['file1.ext1', 'file2.ext1'];","","      var calls = 0;","      stream.on('data', function(file) {","        assert.equal(file.path, path.resolve('file2.ext1'));","        ++calls;","      });","","      stream.on('error', done);","","      stream.on('end', function() {","        assert.equal(calls, 1);","        done();","      });","","      write(stream, paths);","    });","","  });","","  describe('custom mapping between source and dest', function() {","","    beforeEach(function() {","      mock({","        'file1.ext1': mock.file({","          content: 'file1 content',","          mtime: new Date(100)","        }),","        'file2.ext1': mock.file({","          content: 'file2 content',","          mtime: new Date(100)","        }),","        dest: {","          'file1.ext2': mock.file({","            content: 'file1 content',","            mtime: new Date(100)","          }),","          'file2.ext2': mock.file({","            content: 'file2 content',","            mtime: new Date(50)","          })","        }","      });","    });","    afterEach(mock.restore);","","    it('passes through one newer file', function(done) {","      var stream = newer({","        dest: 'dest',","        map: function(destPath) {","          return destPath.replace('.ext1', '.ext2');","        }","      });","","      var paths = ['file1.ext1', 'file2.ext1'];","","      var calls = 0;","      stream.on('data', function(file) {","        assert.equal(file.path, path.resolve('file2.ext1'));","        ++calls;","      });","","      stream.on('error', done);","","      stream.on('end', function() {","        assert.equal(calls, 1);","        done();","      });","","      write(stream, paths);","    });","","    it('allows people to join to dest themselves', function(done) {","      var stream = newer({","        map: function(destPath) {","          return path.join('dest', destPath.replace('.ext1', '.ext2'));","        }","      });","","      var paths = ['file1.ext1', 'file2.ext1'];","","      var calls = 0;","      stream.on('data', function(file) {","        assert.equal(file.path, path.resolve('file2.ext1'));","        ++calls;","      });","","      stream.on('error', done);","","      stream.on('end', function() {","        assert.equal(calls, 1);","        done();","      });","","      write(stream, paths);","    });","","  });","","  describe('reports errors', function() {","    beforeEach(function() {","      mock({","        'q': mock.file({","          mtime: new Date(100)","        }),","        dest: {}","      });","    });","    afterEach(mock.restore);","","    it('in \"data\" handlers', function(done) {","      var stream = newer('dest');","","      var err = new Error('test');","","      stream.on('data', function() {","        throw err;","      });","","      stream.on('error', function(caught) {","        assert.equal(caught, err);","        done();","      });","","      write(stream, ['q']);","    });","","  });","","});",""],"l":{"3":2,"4":2,"5":2,"7":2,"8":0,"9":0,"11":0,"13":0,"15":0,"16":0,"24":1,"25":0,"26":0,"32":0,"35":0,"37":0,"38":0,"39":0,"42":0,"44":0,"45":0,"48":0,"49":0,"52":0,"53":0,"57":0,"59":0,"61":0,"62":0,"65":0,"66":0,"71":0,"73":0,"74":0,"75":0,"78":0,"79":0,"83":0,"84":0,"85":0,"91":0,"93":0,"94":0,"109":0,"111":0,"112":0,"113":0,"116":0,"117":0,"120":0,"121":0,"124":0,"125":0,"129":0,"130":0,"132":0,"134":0,"135":0,"137":0,"138":0,"140":0,"143":0,"144":0,"146":0,"148":0,"149":0,"150":0,"151":0,"154":0,"156":0,"157":0,"158":0,"161":0,"166":0,"168":0,"169":0,"175":0,"177":0,"178":0,"180":0,"182":0,"183":0,"184":0,"185":0,"188":0,"190":0,"191":0,"192":0,"195":0,"200":0,"202":0,"203":0,"210":0,"212":0,"213":0,"215":0,"217":0,"218":0,"219":0,"220":0,"223":0,"225":0,"226":0,"227":0,"230":0,"235":0,"237":0,"238":0,"245":0,"247":0,"248":0,"250":0,"252":0,"253":0,"254":0,"255":0,"258":0,"260":0,"261":0,"262":0,"265":0,"270":0,"272":0,"273":0,"285":0,"287":0,"288":0,"290":0,"292":0,"293":0,"294":0,"295":0,"298":0,"300":0,"301":0,"302":0,"305":0,"310":0,"312":0,"313":0,"334":0,"336":0,"337":0,"339":0,"341":0,"342":0,"343":0,"344":0,"347":0,"349":0,"350":0,"351":0,"354":0,"359":0,"361":0,"362":0,"391":0,"393":0,"394":0,"396":0,"398":0,"399":0,"400":0,"401":0,"404":0,"406":0,"407":0,"408":0,"411":0,"416":0,"418":0,"419":0,"440":0,"442":0,"443":0,"445":0,"447":0,"448":0,"449":0,"450":0,"453":0,"455":0,"456":0,"457":0,"460":0,"465":0,"467":0,"468":0,"489":0,"491":0,"492":0,"494":0,"496":0,"497":0,"498":0,"499":0,"502":0,"504":0,"505":0,"506":0,"509":0,"514":0,"516":0,"517":0,"538":0,"540":0,"541":0,"543":0,"545":0,"546":0,"547":0,"548":0,"551":0,"553":0,"554":0,"555":0,"558":0,"563":0,"565":0,"566":0,"587":0,"589":0,"590":0,"592":0,"594":0,"595":0,"596":0,"597":0,"600":0,"602":0,"603":0,"604":0,"607":0,"612":0,"614":0,"615":0,"636":0,"638":0,"639":0,"641":0,"643":0,"644":0,"645":0,"646":0,"649":0,"651":0,"652":0,"653":0,"656":0,"661":0,"663":0,"664":0,"685":0,"687":0,"688":0,"691":0,"695":0,"697":0,"698":0,"699":0,"700":0,"703":0,"705":0,"706":0,"707":0,"710":0,"713":0,"714":0,"716":0,"720":0,"722":0,"723":0,"724":0,"725":0,"728":0,"730":0,"731":0,"732":0,"735":0,"740":0,"741":0,"742":0,"749":0,"751":0,"752":0,"754":0,"756":0,"757":0,"760":0,"761":0,"762":0,"765":0}}}